2014/08/23 14:03:10 [info] [application] $_SERVER=array (
  'ALLUSERSPROFILE' => 'C:\\ProgramData',
  'APPDATA' => 'C:\\Users\\Aram\\AppData\\Roaming',
  'BIN_PATH' => 'C:\\xamppserv\\htdocs\\zoravor\\',
  'CommonProgramFiles' => 'C:\\Program Files (x86)\\Common Files',
  'CommonProgramFiles(x86)' => 'C:\\Program Files (x86)\\Common Files',
  'CommonProgramW6432' => 'C:\\Program Files\\Common Files',
  'COMPUTERNAME' => 'ARAM-PC',
  'ComSpec' => 'C:\\Windows\\system32\\cmd.exe',
  'FP_NO_HOST_CHECK' => 'NO',
  'HOMEDRIVE' => 'C:',
  'HOMEPATH' => '\\Users\\Aram',
  'LOCALAPPDATA' => 'C:\\Users\\Aram\\AppData\\Local',
  'LOGONSERVER' => '\\\\ARAM-PC',
  'NUMBER_OF_PROCESSORS' => '4',
  'OS' => 'Windows_NT',
  'Path' => 'C:\\Users\\Aram\\bin\\Sencha\\Cmd\\5.0.0.160;C:\\Windows\\system32;C:\\Windows;C:\\Windows\\System32\\Wbem;C:\\Windows\\System32\\WindowsPowerShell\\v1.0\\;C:\\Program Files (x86)\\Intel\\OpenCL SDK\\2.0\\bin\\x86;C:\\Program Files (x86)\\Intel\\OpenCL SDK\\2.0\\bin\\x64;C:\\xamppserv\\php;C:\\ProgramData\\ComposerSetup\\bin',
  'PATHEXT' => '.COM;.EXE;.BAT;.CMD;.VBS;.VBE;.JS;.JSE;.WSF;.WSH;.MSC',
  'PHP_COMMAND' => 'php.exe',
  'PROCESSOR_ARCHITECTURE' => 'x86',
  'PROCESSOR_ARCHITEW6432' => 'AMD64',
  'PROCESSOR_IDENTIFIER' => 'Intel64 Family 6 Model 42 Stepping 7, GenuineIntel',
  'PROCESSOR_LEVEL' => '6',
  'PROCESSOR_REVISION' => '2a07',
  'ProgramData' => 'C:\\ProgramData',
  'ProgramFiles' => 'C:\\Program Files (x86)',
  'ProgramFiles(x86)' => 'C:\\Program Files (x86)',
  'ProgramW6432' => 'C:\\Program Files',
  'PROMPT' => '$P$G',
  'PSModulePath' => 'C:\\Windows\\system32\\WindowsPowerShell\\v1.0\\Modules\\',
  'PUBLIC' => 'C:\\Users\\Public',
  'SENCHA_CMD_3_0_0' => 'C:\\Users\\Aram\\bin/Sencha/Cmd/5.0.0.160',
  'SESSIONNAME' => 'Console',
  'SystemDrive' => 'C:',
  'SystemRoot' => 'C:\\Windows',
  'TEMP' => 'C:\\Users\\Aram\\AppData\\Local\\Temp',
  'TMP' => 'C:\\Users\\Aram\\AppData\\Local\\Temp',
  'USERDOMAIN' => 'Aram-pc',
  'USERDOMAIN_ROAMINGPROFILE' => 'Aram-pc',
  'USERNAME' => 'Aram',
  'USERPROFILE' => 'C:\\Users\\Aram',
  'windir' => 'C:\\Windows',
  'PHP_SELF' => 'C:\\xamppserv\\htdocs\\zoravor\\console\\yiic.php',
  'SCRIPT_NAME' => 'C:\\xamppserv\\htdocs\\zoravor\\console\\yiic.php',
  'SCRIPT_FILENAME' => 'C:\\xamppserv\\htdocs\\zoravor\\console\\yiic.php',
  'PATH_TRANSLATED' => 'C:\\xamppserv\\htdocs\\zoravor\\console\\yiic.php',
  'DOCUMENT_ROOT' => '',
  'REQUEST_TIME_FLOAT' => 1408802590.0351750850677490234375,
  'REQUEST_TIME' => 1408802590,
  'argv' => 
  array (
    0 => 'C:\\xamppserv\\htdocs\\zoravor\\console\\yiic.php',
    1 => 'migrate',
  ),
  'argc' => 2,
)
2014/08/23 14:03:10 [error] [system.db.CDbCommand] CDbCommand::fetchAll() failed: SQLSTATE[42S02]: Base table or view not found: 1146 Table 't.tbl_migration' doesn't exist. The SQL statement executed was: SHOW FULL COLUMNS FROM `tbl_migration`.
in C:\xamppserv\htdocs\zoravor\console\yiic.php (20)
