2017/09/26 06:56:24 [info] [application] User: admin (ID: 1)

$_POST=array (
  'Post' => 
  array (
    'menu_id' => '',
    'name' => 'Հյուրասիրության և օտարասիրության մասին',
    'meta-key' => '',
    'text' => '<p><strong>Հյուրասիրություն</strong> <strong>և</strong> <strong>օտարասիրություն</strong><strong>. </strong><strong>ինչքանո</strong><strong>՞</strong><strong>վ</strong> <strong>են</strong> <strong>տարբեր</strong> <strong>և</strong> <strong>ի</strong><strong>՞</strong><strong>նչ</strong> <strong>ընդհանրություններ</strong> <strong>ունեն</strong><strong>:</strong></p>

<p>&laquo;Հյուրասիրություն&raquo; և &laquo;օտարասիրություն&raquo; բառերը ցույց են տալիս հյուրի, օտարի հանդեպ սիրո դրսևորման երևույթը: Հյուրասիրությունն արտահայտվում է նաև սիրալիրության զգացումով, կերակուր հրամցնելով: Այստեղից էլ հյուրասիրել բայը նշանակում է մեկին ուտելիք կամ ըմպելիք տրամադրելը, նրա հետ հաց կիսելը: Հյուրասիրությունը և օտարասիրությունը նույն երևույթի տարբեր կողմերն են ներկայացնում: Հյուրասիրություն նշանակում է որպես հյուր ընդունել ծանոթ մեկին, իսկ օտարասիրություն` որպես հյուր ընդունել օտարին, անծանոթին:</p>

<p>Հայերը միշտ աչքի են ընկել հյուրասիրությամբ և նույնիսկ հեթանոսական շրջանում ունեցել են հյուրասիրության աստված` Վանատուր անունով: Սա ցույց է տալիս, որ հայ ժողովուրդը հնուց ի վեր եղել է հյուրասեր և օտարասեր, անգամ այդ ունակությունը հաստատագրել թեկուզ և սխալ կրոնական համոզմունքի ձևով:</p>

<p>&nbsp;</p>

<p><strong>Հյուրասիրությունը</strong> <strong>կամ</strong> <strong>օտարասիրությունը</strong> <strong>կարո</strong><strong>՞</strong><strong>ղ</strong> <strong>են</strong> <strong>առաքինություն</strong> <strong>համարվել</strong><strong>:</strong></p>

<p>Եթե առաքինությունը համարում ենք բարոյական բարձր չափանիշներին համապատասխան արարքներ կամ վարվեցողություն, ապա հյուրասիրությունը և օտարասիրությունը նույնպես առաքինություններ են: Սակայն այս առաքինությունները կարող են վերածվել նաև մոլորության, երբ եղծվում է դրանց իրական իմաստը: Մեր ժողովրդի պարագայում ցավով կարող ենք արձանագրել, որ մեր օտարասիրությունը հաճախ վերածվում է օտարամոլության: Սա ի հայտ է գալիս հետևյալ իրողություններով: Մարդիկ տարբեր հաստատությունների անվանումներ նախընտրում են հռչակել օտարալեզու անուններով, օտարի հանդեպ վերաբերմունքն ավելի բարեհամբույրությամբ ու հաճությամբ տարբերվում է սեփական հայրենակցի հանդեպ վերաբերմունքից, արտասահմանում բնակվող հայերը նախընտրում են նույնիսկ տանը խոսել օտար լեզվով, և կամ այլ երկրներում ապաստան հաստատած բազմաթիվ հայեր իրենց հայերեն խոսքի մեջ շատ հաճախ ցուցադրության համար օգտագործում են օտար լեզվի բառեր, արտահայտություններ: Երբ օտարասիրությունը լինում է սեփական արժեքների հաշվին` հայրենիքի, լեզվի, ազգակցի, այդ ժամանակ օտարասիրությունը դառնում է օտարամոլություն, և տվյալ առաքինությունը վերածվում է արատի:</p>

<p>&nbsp;</p>

<p><strong>Մենք</strong> <strong>միշտ</strong> <strong>աչքի</strong> <strong>ենք</strong> <strong>ընկել</strong> <strong>մեր</strong> <strong>հայկական</strong> <strong>հյուրասիրությամբ</strong><strong>, </strong><strong>բայց</strong> <strong>այսօր</strong> <strong>հյուրասիրության</strong> <strong>քողի</strong> <strong>ներքո</strong> <strong>նաև</strong> <strong>բացասական</strong> <strong>երևույթներ</strong> <strong>են</strong> <strong>հաստատվել</strong> <strong>մեր</strong> <strong>մեջ</strong>: <strong>Խոսենք</strong> <strong>հյուրասիրության</strong> <strong>և</strong> <strong>ժամանակակից</strong> <strong>ձևապաշտության</strong> <strong>մասին</strong><strong>:</strong></p>

<p>Հայկական հյուրասիրության մեջ երբեմն նկատվում է առավելաբար սեփական անձի ցուցադրություն, քան հյուրին հյուրասիրելու ձգտում: Հոգեբանության մեջ խոսվում է պերֆեկտիզմի` կատարելապաշտության մասին, որը թերարժեքության զգացումի դրսևորումներից մեկն է: Պերֆեկտիզմով տառապողները որևէ գործ ջանում են անել կատարելությամբ, և եթե ամբողջ գործի մեջ չնչին մի բան չի հաջողվում, ապա ընդհանրապես հրաժարվում են իրենց մտադրությունից, քանի որ վախենում են ուրիշների վրա գերազանց տպավորություն չթողնելուց:</p>

<p>Երբեմն պերֆեկտիզմ զգացվում է նաև հայկական հյուրասիրության մեջ: Մարդիկ կան, որ լավ հյուրասիրություն են կազմակերպում ոչ թե հյուրին հաճույք պատճառելու, այլ նախ և առաջ վատ տպավորություն չթողնելու, հյուրի մոտ ամոթով չմնալու համար: Պատահում է, որ նաև հակառակ երևույթն է լինում: Մարդը, մի ծանոթի հանդիպելով և նրան հյուրընկալելու ու հյուրասիրելու անհրաժեշտության առջև գտնվելով, տխրում է` մտքում հաշվելով, թե որքան նյութական ծախս պիտի անի: Իհարկե, խոսքը չի վերաբերում ծայրահեղ աղքատության մեջ գտնվող ընտանիքներին, որոնց համար հյուրասիրություն կազմակերպելը մեծ խնդիր է: Պետրոս առաքյալն ասում է. &laquo;Հյուրասե՛ր եղեք միմյանց հանդեպ առանց տրտնջալու&raquo; (Ա Պետ. 4.9): Առաքյալի խոսքից երևում է, որ հնուց ի վեր մարդիկ նյութական ծախսերի նկատառումով նաև տրտնջացել են հյուրասիրություն կազմակերպելուց առաջ: Սակայն պետք է իմանալ, որ հյուրասիրությունը քրիստոնեական առաքինություններից մեկն է: &laquo;Հետամո՛ւտ եղեք հյուրասիրության&raquo; (Հռ. 12.13),- հորդորում է Պողոս առաքյալը: Հին Կտակարանում Աբրահամը մարդկային հասկացողության համար ըմբռնելի կերպարով իրեն ներկայացած Սուրբ Երրորդության անձանց կամ Երրորդությունը ներկայացնող հրեշտակներին օտարասիրությունից մղված առատապես հյուրասիրեց և մեծ օրհնությունների արժանացավ (Ծննդ. 18.2-10): Նոր Կտակարանում ակնարկվում է նաև այս դեպքը և հյուրասիրության ու օտարասիրության հորդորով նշվում, որ հնում հյուրասեր մարդիկ առանց իմանալու նույնիսկ հրեշտակների հյուրընկալեցին. &laquo;Մի՛ մոռացեք օտարասիրությունը, որովհետև դրա շնորհիվ ոմանք հրեշտակներ հյուրընկալեցին առանց իմանալու&raquo; (Եբր. 13.2):</p>

<p>&nbsp;</p>

<p><strong>Թեև</strong> <strong>մեր</strong> <strong>կյանքի</strong> <strong>պայմանները</strong><strong> գ</strong><strong>նալով</strong> <strong>երբեմն</strong> <strong>ավելի</strong> <strong>են</strong> <strong>դժվարանում</strong><strong>, </strong><strong>բայց</strong> <strong>հատկապես</strong> <strong>Ամանորին</strong> <strong>մեր</strong> <strong>սեղաններն</strong> <strong>առատությունից</strong> <strong>ավելի</strong> <strong>ու</strong> <strong>ավելի</strong> <strong>են</strong> <strong>ծանրանում</strong>: <strong>Ինչո</strong><strong>՞</strong><strong>ւ</strong> <strong>է</strong> <strong>այդպես</strong><strong>. </strong><strong>այս</strong> <strong>տոնը</strong> <strong>մեկ</strong> <strong>ան</strong><strong>գ</strong><strong>ամ</strong> <strong>ևս</strong> <strong>ապացուցում</strong> <strong>է</strong><strong>, </strong><strong>որ</strong> <strong>հյուրասիրությունը</strong> <strong>ազ</strong><strong>գ</strong><strong>ային</strong> <strong>բնավորությո</strong><strong>՞</strong><strong>ւն</strong> <strong>է</strong><strong>, </strong><strong>թե</strong><strong>՞... </strong><strong>ճարահատյալ</strong> <strong>պարտք</strong><strong>:</strong></p>

<p>Նախ հարց է, թե ում սեղաններն են առատությունից ծանրանում: Եթե ասում ենք, որ երկրի ու բնակչության տնտեսական վիճակը լավ չէ, և ապա փաստում ենք, որ մարդկանց սեղաններն առատությունից ծանրանում են, ուրեմն այստեղ հակասություն կա: Հստակ է, որ, ցավոք սրտի, անգամ Ամանորին դատարկ են մնում մեր կողքին ապրող, մեր հայրենակից աղքատների սեղանները: Իսկ ովքեր շատ թե քիչ աշխատանքային եկամուտ ունեն, նրանք են, որ Ամանորին սեղանները լցնում են տարբեր ուտեստներով, ոմանք Նոր տարվա համար անգամ պարտք են վերցնում բանկերից, ֆինանսական հաստատություններից: Այս իրավիճակը հետո տարբեր ընտանիքներում մի որոշ շրջան նյութական նեղություն է բերում:</p>

<p>Պետք է ասել, որ վերջին տարիներին զարգացել է մեր ժողովրդի, այսպես ասած, ռեստորանային ճաշակը, քանզի նման վարվելակերպ դրսևորվում է նաև եկեղեցական արարողությունների հետ կապված` ի մասնավորի Պսակի և Մկրտության պարագայում: Շատ մարդիկ անգամ մկրտության չեն գալիս կամ չեն բերում իրենց զավակներին, եթե տվյալ պահին հնարավորություն չունեն եկեղեցում արարողությունից հետո ուրախությունը նշել ռեստորանում: Ավելի ծանր է Պսակի պարագան, երբ հսկայական գումարներ են վերցնում բանկերից` ամուսնությունը ռեստորաններում նշելու համար, և հետո երկար տարիներ աշխատում են` այդ ամուսնությունը նշելու պատճառով գոյացած պարտքը մի կերպ մարելու համար: Երբեմն լինում է նաև այնպես, որ չեն կարողանում պարտքով վերցրած գումարը վերադարձնել բանկերին, որի հետևանքով զրկվում են անգամ իրենց տներից, անշարժ գույքից, կացարաններից: Առիթը թեկուզ և պարտքով նշելու մոլուցքը տարածվել է նաև Ամանորի վրա, որին խառնվում է նաև վերոնշյալ պերֆեկտիզմի բարդույթը: Մինչդեռ Ամանորը` հունվարի մեկը, ընկնում է Սուրբ Ծննդյան պահքի շրջանի մեջ:</p>

<p>&nbsp;</p>

<p><strong>Այդ</strong> <strong>դեպքում</strong> <strong>ինչպե</strong><strong>՞</strong><strong>ս</strong> <strong>վարվել</strong> <strong>Ամանորի</strong> <strong>տոնական</strong> <strong>սեղանը</strong> <strong>զարդարելու</strong> <strong>համար</strong><strong>:</strong></p>

<p>Այսօր մարդիկ ուշադրություն չեն դարձնում Քրիստոսի Ծննդյանը նախորդող պահքին և Նոր տարվա առիթով տները, սեղանները լցնում մսեղեններով, պարարտ կերակուրներով, ոգելից խմիչքներով: Սուրբ Ծննդյան պահքի օրերին տարածվում է կերուխումն ու հարբեցողությունը: Խորհրդային աստվածամերժ և եկեղեցամարտ իշխանության տարիներին առավել արմատավորված այս սովորությունը, հասկանալի է, դժվար է միանգամից վերացնել, և հոգևորականներն էլ ըմբռնումով են մոտենում ամանորյա խնջույքներին: Սակայն Եկեղեցին Քրիստոսի Ծննդյան խորհրդի, դրա հետ կապված քրիստոնեական կարգուկանոնի մասին առավել եռանդուն քարոզչությամբ պիտի վերահաստատի հունվար ամսվա սկզբին սեղանի ուտելիքների վերաբերյալ պատկերացումը: Այդ ժամանակ ամանորյա սեղանին կլինեն ավելի թեթև կերակուրներ, իսկ Սուրբ Ծննդյան ժամանակ` այս տոնը նշելուն հատուկ ուտեստ ձուկը, և շատ մարդիկ ստիպված չեն լինի ընդունված մտայնության պատճառով հնարներ ճարել` սեղաններն առատ ուտելիքներով լցնելու համար: Բացի դրանից, անգամ ավելի շատ հնարավորություն ունեցողները նախընտրելի է` մի բան քիչ դնեն իրենց սեղաններին, զերծ մնան ավելորդություններից, շռայլություններից և փոխարենը ողորմության գործեր անեն` օգնելով մեր կարիքավոր ազգակիցներին, հայրենակիցներին:</p>

<p>&nbsp;</p>

<p>Տեր Ադամ քհն. Մակարյան</p>
',
    'created_date' => '2017-09-26',
    'type' => '0',
    'path' => '',
    'visible' => '1',
    'home_page' => '1',
    'image' => '',
    'stick' => '0',
    'read_all' => '0',
    'read' => '1',
  ),
  'yt0' => '',
)

$_FILES=array (
  'Post' => 
  array (
    'name' => 
    array (
      'image' => '71abraham.jpg',
    ),
    'type' => 
    array (
      'image' => 'image/jpeg',
    ),
    'tmp_name' => 
    array (
      'image' => '/tmp/phpjomq1i',
    ),
    'error' => 
    array (
      'image' => 0,
    ),
    'size' => 
    array (
      'image' => 431458,
    ),
  ),
)

$_COOKIE=array (
  '_ga' => 'GA1.2.1838133913.1504076940',
  '_gid' => 'GA1.2.152005119.1506056789',
  'PHPSESSID' => 'i1bflcgr2u0b34b01r8koeusu7',
)

$_SESSION=array (
  '73821138024431ed23633d77993d5bb9__returnUrl' => '/post/admin',
  '73821138024431ed23633d77993d5bb9__id' => '1',
  '73821138024431ed23633d77993d5bb9__name' => 'admin',
  '73821138024431ed23633d77993d5bb9vkey' => 'b252ae735f04fbe0d4d8416d40b3d882',
  '73821138024431ed23633d77993d5bb9__states' => 
  array (
    'vkey' => true,
  ),
)

$_SERVER=array (
  'CONTENT_LENGTH' => '449233',
  'CONTENT_TYPE' => 'multipart/form-data; boundary=----WebKitFormBoundaryqoPRKodBg70Q3kXl',
  'DOCUMENT_ROOT' => '/home2/surbzora/public_html/zoravor/backend/www',
  'GATEWAY_INTERFACE' => 'CGI/1.1',
  'HTTP_ACCEPT' => 'text/html,application/xhtml+xml,application/xml;q=0.9,image/webp,image/apng,*/*;q=0.8',
  'HTTP_ACCEPT_ENCODING' => 'gzip, deflate',
  'HTTP_ACCEPT_LANGUAGE' => 'ru-RU,ru;q=0.8,en-US;q=0.6,en;q=0.4,hy;q=0.2',
  'HTTP_CACHE_CONTROL' => 'max-age=0',
  'HTTP_CONNECTION' => 'close',
  'HTTP_COOKIE' => '_ga=GA1.2.1838133913.1504076940; _gid=GA1.2.152005119.1506056789; PHPSESSID=i1bflcgr2u0b34b01r8koeusu7',
  'HTTP_HOST' => 'adm.surbzoravor.am',
  'HTTP_ORIGIN' => 'http://adm.surbzoravor.am',
  'HTTP_REFERER' => 'http://adm.surbzoravor.am/post/create',
  'HTTP_UPGRADE_INSECURE_REQUESTS' => '1',
  'HTTP_USER_AGENT' => 'Mozilla/5.0 (Windows NT 6.1; Win64; x64) AppleWebKit/537.36 (KHTML, like Gecko) Chrome/61.0.3163.100 Safari/537.36',
  'HTTP_X_HTTP_PROTO' => 'HTTP/1.1',
  'HTTP_X_REAL_IP' => '46.71.64.70',
  'MAGICK_THREAD_LIMIT' => '1',
  'PATH' => '/bin:/usr/bin',
  'QUERY_STRING' => '',
  'REDIRECT_MAGICK_THREAD_LIMIT' => '1',
  'REDIRECT_STATUS' => '200',
  'REDIRECT_UNIQUE_ID' => 'Wcn6F63@HCcAAAMwggoAAADD',
  'REDIRECT_URL' => '/post/create',
  'REMOTE_ADDR' => '46.71.64.70',
  'REMOTE_PORT' => '38645',
  'REQUEST_METHOD' => 'POST',
  'REQUEST_URI' => '/post/create',
  'SCRIPT_FILENAME' => '/home2/surbzora/public_html/zoravor/backend/www/index.php',
  'SCRIPT_NAME' => '/index.php',
  'SERVER_ADDR' => '173.254.28.39',
  'SERVER_ADMIN' => 'webmaster@adm.surbzoravor.am',
  'SERVER_NAME' => 'adm.surbzoravor.am',
  'SERVER_PORT' => '80',
  'SERVER_PROTOCOL' => 'HTTP/1.1',
  'SERVER_SIGNATURE' => '<address>Apache Server at adm.surbzoravor.am Port 80</address>
',
  'SERVER_SOFTWARE' => 'Apache',
  'UNIQUE_ID' => 'Wcn6F63@HCcAAAMwggoAAADD',
  'PHPRC' => '/home2/surbzora/public_html/:/usr/php/56/etc/',
  'ORIG_PATH_INFO' => '/post/create',
  'ORIG_PATH_TRANSLATED' => '/home2/surbzora/public_html/zoravor/backend/www/index.php',
  'PHP_SELF' => '/index.php',
  'REQUEST_TIME_FLOAT' => 1506408984.0084529,
  'REQUEST_TIME' => 1506408984,
)
2017/09/26 06:56:24 [warning] [application] Failed to set unsafe attribute "image" of "Post".
in /home2/surbzora/public_html/zoravor/backend/controllers/PostController.php (67)
in /home2/surbzora/public_html/zoravor/backend/www/index.php (27)
2017/09/26 07:59:34 [info] [application] User: admin (ID: 1)

$_GET=array (
  'Post' => 
  array (
    'menu_id' => '',
    'stick' => '',
    'name' => 'Սուրբ Գևորգի տոնի ժողովրդական սովորույթները',
    'path' => '',
    'visible' => '',
    'created_date' => '',
    'home_page' => '',
    'image' => '',
    'read_all' => '',
    'read' => '',
  ),
  'Post_page' => '1',
  'ajax' => 'post-grid',
)

$_COOKIE=array (
  'PHPSESSID' => 'i1bflcgr2u0b34b01r8koeusu7',
  '_ga' => 'GA1.2.1838133913.1504076940',
  '_gid' => 'GA1.2.152005119.1506056789',
  '_gat' => '1',
)

$_SESSION=array (
  '73821138024431ed23633d77993d5bb9__returnUrl' => '/post/admin',
  '73821138024431ed23633d77993d5bb9__id' => '1',
  '73821138024431ed23633d77993d5bb9__name' => 'admin',
  '73821138024431ed23633d77993d5bb9vkey' => 'b252ae735f04fbe0d4d8416d40b3d882',
  '73821138024431ed23633d77993d5bb9__states' => 
  array (
    'vkey' => true,
  ),
)

$_SERVER=array (
  'DOCUMENT_ROOT' => '/home2/surbzora/public_html/zoravor/backend/www',
  'GATEWAY_INTERFACE' => 'CGI/1.1',
  'HTTP_ACCEPT' => '*/*',
  'HTTP_ACCEPT_ENCODING' => 'gzip, deflate',
  'HTTP_ACCEPT_LANGUAGE' => 'ru-RU,ru;q=0.8,en-US;q=0.6,en;q=0.4,hy;q=0.2',
  'HTTP_CONNECTION' => 'close',
  'HTTP_COOKIE' => 'PHPSESSID=i1bflcgr2u0b34b01r8koeusu7; _ga=GA1.2.1838133913.1504076940; _gid=GA1.2.152005119.1506056789; _gat=1',
  'HTTP_HOST' => 'adm.surbzoravor.am',
  'HTTP_REFERER' => 'http://adm.surbzoravor.am/post/admin',
  'HTTP_USER_AGENT' => 'Mozilla/5.0 (Windows NT 6.1; Win64; x64) AppleWebKit/537.36 (KHTML, like Gecko) Chrome/61.0.3163.100 Safari/537.36',
  'HTTP_X_HTTP_PROTO' => 'HTTP/1.1',
  'HTTP_X_REAL_IP' => '46.71.64.70',
  'HTTP_X_REQUESTED_WITH' => 'XMLHttpRequest',
  'MAGICK_THREAD_LIMIT' => '1',
  'PATH' => '/bin:/usr/bin',
  'QUERY_STRING' => 'Post%5Bmenu_id%5D=&Post%5Bstick%5D=&Post%5Bname%5D=%D5%8D%D5%B8%D6%82%D6%80%D5%A2+%D4%B3%D6%87%D5%B8%D6%80%D5%A3%D5%AB+%D5%BF%D5%B8%D5%B6%D5%AB+%D5%AA%D5%B8%D5%B2%D5%B8%D5%BE%D6%80%D5%A4%D5%A1%D5%AF%D5%A1%D5%B6+%D5%BD%D5%B8%D5%BE%D5%B8%D6%80%D5%B8%D6%82%D5%B5%D5%A9%D5%B6%D5%A5%D6%80%D5%A8&Post%5Bpath%5D=&Post%5Bvisible%5D=&Post%5Bcreated_date%5D=&Post%5Bhome_page%5D=&Post%5Bimage%5D=&Post%5Bread_all%5D=&Post%5Bread%5D=&Post_page=1&ajax=post-grid',
  'REDIRECT_MAGICK_THREAD_LIMIT' => '1',
  'REDIRECT_QUERY_STRING' => 'Post%5Bmenu_id%5D=&Post%5Bstick%5D=&Post%5Bname%5D=%D5%8D%D5%B8%D6%82%D6%80%D5%A2+%D4%B3%D6%87%D5%B8%D6%80%D5%A3%D5%AB+%D5%BF%D5%B8%D5%B6%D5%AB+%D5%AA%D5%B8%D5%B2%D5%B8%D5%BE%D6%80%D5%A4%D5%A1%D5%AF%D5%A1%D5%B6+%D5%BD%D5%B8%D5%BE%D5%B8%D6%80%D5%B8%D6%82%D5%B5%D5%A9%D5%B6%D5%A5%D6%80%D5%A8&Post%5Bpath%5D=&Post%5Bvisible%5D=&Post%5Bcreated_date%5D=&Post%5Bhome_page%5D=&Post%5Bimage%5D=&Post%5Bread_all%5D=&Post%5Bread%5D=&Post_page=1&ajax=post-grid',
  'REDIRECT_STATUS' => '200',
  'REDIRECT_UNIQUE_ID' => 'WcoI5q3@HCcAAr-9c0EAAADR',
  'REDIRECT_URL' => '/post/admin',
  'REMOTE_ADDR' => '46.71.64.70',
  'REMOTE_PORT' => '12221',
  'REQUEST_METHOD' => 'GET',
  'REQUEST_URI' => '/post/admin?Post%5Bmenu_id%5D=&Post%5Bstick%5D=&Post%5Bname%5D=%D5%8D%D5%B8%D6%82%D6%80%D5%A2+%D4%B3%D6%87%D5%B8%D6%80%D5%A3%D5%AB+%D5%BF%D5%B8%D5%B6%D5%AB+%D5%AA%D5%B8%D5%B2%D5%B8%D5%BE%D6%80%D5%A4%D5%A1%D5%AF%D5%A1%D5%B6+%D5%BD%D5%B8%D5%BE%D5%B8%D6%80%D5%B8%D6%82%D5%B5%D5%A9%D5%B6%D5%A5%D6%80%D5%A8&Post%5Bpath%5D=&Post%5Bvisible%5D=&Post%5Bcreated_date%5D=&Post%5Bhome_page%5D=&Post%5Bimage%5D=&Post%5Bread_all%5D=&Post%5Bread%5D=&Post_page=1&ajax=post-grid',
  'SCRIPT_FILENAME' => '/home2/surbzora/public_html/zoravor/backend/www/index.php',
  'SCRIPT_NAME' => '/index.php',
  'SERVER_ADDR' => '173.254.28.39',
  'SERVER_ADMIN' => 'webmaster@adm.surbzoravor.am',
  'SERVER_NAME' => 'adm.surbzoravor.am',
  'SERVER_PORT' => '80',
  'SERVER_PROTOCOL' => 'HTTP/1.1',
  'SERVER_SIGNATURE' => '<address>Apache Server at adm.surbzoravor.am Port 80</address>
',
  'SERVER_SOFTWARE' => 'Apache',
  'UNIQUE_ID' => 'WcoI5q3@HCcAAr-9c0EAAADR',
  'PHPRC' => '/home2/surbzora/public_html/:/usr/php/56/etc/',
  'ORIG_PATH_INFO' => '/post/admin',
  'ORIG_PATH_TRANSLATED' => '/home2/surbzora/public_html/zoravor/backend/www/index.php',
  'PHP_SELF' => '/index.php',
  'REQUEST_TIME_FLOAT' => 1506412774.212522,
  'REQUEST_TIME' => 1506412774,
)
2017/09/26 07:59:34 [warning] [application] Failed to set unsafe attribute "image" of "Post".
in /home2/surbzora/public_html/zoravor/backend/controllers/PostController.php (300)
in /home2/surbzora/public_html/zoravor/backend/www/index.php (27)
2017/09/26 08:00:09 [info] [application] User: admin (ID: 1)

$_GET=array (
  'id' => '1987',
)

$_POST=array (
  'Post' => 
  array (
    'menu_id' => '17',
    'name' => 'Սուրբ Գևորգի տոնի ժողովրդական սովորույթները',
    'meta-key' => '',
    'text' => '<p>Սբ. Գևորգի տոնն&nbsp;ընդունված և սիրելի տոն է հայերիս մեջ: Չնայած եկեղեցական տոնացույցը Սբ. Գևորգի տոնը հաստատուն նշում է սեպտեմբերի 25-ից մինչև հոկտեմբերի 1-ն ընկնող շաբաթ օրը, և այն նախորդում է Վարագա Սբ. Խաչի տոնին, որն իր հերթին նշվում է սեպտեմբերի 25-ից մինչև հոկտեմբերի 1-ն ընկնող կիրակի օրը, ժողովուրդը, այնուամենայնիվ, Սբ. Գևորգի ուխտագնացությունն անում է հոկտեմբերի վերջին, երբ դաշտային երկրագործական աշխատանքները հիմնականում ավարտված էին լինում: Սբ. Գևորգի տոնին նախորդող պահքն էլ կոչվում է Սբ. Գևորգի պահք:</p>

<p>Սրբերին նվիրված տոները հայերի մեջ ուղեկցվում էին հա&nbsp;մատաղներով, ուխտագնացություններով: Տոները մեծ մասամբ անց էր կացվում ուխտավայրերում, որոնք կրում էին նշվող սրբի անունը: Այդ օրերը վերածվում էր ժողովրդական տոնախմբության: Այս առումով բացառություն չի կազմել նաև Սբ. Գևորգի տոնը: Նրա անվան ուխտատեղիներ կային Սիսիանում, Վասպուրականում, Ղզլարում, Բիթլիսում և այլուր: Սրբի տոնը նշվում էր հատկապես Վանում, Քանաքեռում, Շիրակում, Նոր Նախիջևանում և այլն: Ներկայումս, այդ օրը ժողովուրդը մեծ խմբերով այցելում է Նորագավթի և Մուղնու Սբ. Գևորգ եկեղեցիները:</p>

<p>Բնիկ քանաքեռցի Գրիգոր Ավագյանը Մուղնու Սբ. Գևորգ ուխտի գնալը հետևյալ կերպ է պատմում. &laquo;Աշնանը, այգիների բերքը հավաքելուց հետո, պատրաստություն էին տեսնում հոկտեմբերի վերջին կիրակի օրը Մուղնի ուխտ գնալու համար: Տղամարդիկ, հատկապես՝ երիտասարդությունը, իրենց ձիերի շնորհքը ցույց տալու համար մեկ ամիս առաջ աշխատանքից հոգնած ձիերին բաց էին թողնում այգիներում հանգստանալու և գիրանալու համար, չէ որ Մուղնի ուխտ գնալը միայն ուխտ գնալ չէր, դրա հետ միասին նաև՝ մրցույթ ու տոնախմբություն էր: Ջահել տղաները քյահլան ձիերը նստած, գեղեցիկ հագուստով, աղջիկներն ու հարսները գլխները շինած, աչքերը դեղ դրած, խաս ու ղումաշ հագած, զարդ ու զարդարանքով: Կանայք, նախօրոք խաշած հավերով, բուղլամա դրած գառներով, եփած ձկներով, հացերի մեջ փաթաթած, հաց, գաթա, հալվա բոլորը կապոց արած, դրած սայլերին: Շաբաթ օրն աղոթարանին գյուղի ահել ու ջահել ոտքի վրա էին: Տեսնողը կկարծեր, թե գյուղը տեղահան է լինում:</p>

<p>Ամենքն ունեին իրենց փափագը, որի ամուսինը կամ որդին էր գտնվում օտարության մեջ, որը երեխա չէր ունենում, որը՝ հիվանդի, իսկ ջահելներն էլ՝ սիրո տեր լինելու համար:</p>

<p>Ուխտի ճանապարհը երկար էր ու բազմամարդ: Անծանոթ մարդիկ ծանոթանում ու բարեկամանում էին միմյանց&hellip; Շատ երիտասարդ տղաներ ու աղջիկներ այստեղ էին ծանոթանում միմյանց ու սիրո խոստումներ տալիս:</p>

<p>&laquo;Երոկոյան և ցերեկային ժամերգություններից հետո, երբ արդեն օրհնվել էին մատաղացուները, վառում էին օջախները, սեղան բացում կանաչների վրա, ու սկսում էր քեֆը&raquo; (Հրանուշ Խառատյան-Առաքելյան, &laquo;Հայ ժողովրդկան տոները&raquo;, Երևան, 2005թ.):</p>

<p>Սբ. Գևորգի տոնի ուխտագնացությունը ցանկալի և սպասված տոն էր Վանում: Սբ. Գևորգի հնգօրյա պասից հետո շաբաթ օրվա կեսօրից սկսվում էր ուխտագնացության պատրաստությունը: Ուխտագնացությանը մասնակցում էին փոքրից մեծ: Սբ. Գևորգի ուխտագնացության երթը սկսվում էր երեկոյան, որը հիմնականում լինում էր հետիոտն, բացառությամբ՝ ձի ունեցողների: Ուխտագնացների հետ լինում էին մի քանի թեթևաշարժ սայլակներ, որոնց վրա բարձվում էին ուխտավորների ուտելիքի պաշար&nbsp;կապոցները: Սբ. Գևորգի ուխտագնացությունը տևում էր երեք օր: Այդ նույն շաբաթ երեկոյան, երբ ուխտավորները պատրաստվում էին ճանապարհ ընկնելու, տանը սկսվում էր հարիսա դնելու գործողությունը: Հարիսա դնում էին բոլորն անխտիր: Ամենասակավանդամ ընտանիքը պետք է դներ երկու հավով հարիսա, իսկ բազմանդամների տներում այդ օրը մորթվում էր ութից տասը հավ:</p>

<p>Ըստ ավանդության՝ Սբ. Գրիգոր Լուսավորիչը Խոր Վիրապից դուրս գալուց հետո քառասուն օր Վաղարշապատում քարոզում է և այդ ընթացքում նրա մեջ ցանկություն է առաջանում աղքատներին ճաշ տալ: Հազարավոր գյուղացիներին նա հազարավոր ոչխարներ ու մեծ քանակությամբ յուղ է բերել տալիս, միսն ու կորկոտը լցնել է տալիս խոշոր կաթսաների մեջ և հաստաբազուկ կտրիճ երիտասարդներին ասում, որ հարեն. &laquo;հարէք զսա&raquo;, որից և այդ կերակուրի անունը մնացել է &laquo;հարիսա&raquo;:</p>

<p>Սբ. Գևորգին վերագրվում էր ապավինող, պաշտպանող էություն: Մոքսում նրա անունով մի ուխտատեղի կար, որը հասարակ մի մատուռ էր, ուր ամփոփված էր Սբ. Գևորգի մասունքը: Ոչ միայն հայերը, այլև քրդերը հաճախ էին այդտեղ ուխտի գալիս: Բացի այդ, փախուստի, երկյուղի ժամանակ ամեն տեսակ իրեր բերում դնում էին այնտեղ իբրև &laquo;ամանաթ&raquo;, ավանդ և ոչ&nbsp;ոք չէր համարձակվում դրանք վերցնել:</p>

<p>Սբ. Գևորգի տոնը ընդունված է նաև այլ ժողովուրդների մեջ (վրացիներ, ռուսներ, հույներ և այլն), սակայն ամենուրեք այն ազգայնացվել է, իսկ սուրբն էլ դարձել է տվյալ ազգի ներկայացուցիչը: Այս առումով հայերը ևս բացառություն չեն կազմում, որոնք նրան վերագրում են նաև ռազմական, զինվորական հատկանիշներ:</p>

<p>&nbsp;</p>

<p>Կազմեց Գայանե Սուգիկյանը</p>
',
    'created_date' => '2017-09-30',
    'type' => '0',
    'path' => '',
    'visible' => '1',
    'home_page' => '1',
    'image' => '',
    'stick' => '0',
    'read_all' => '0',
    'read' => '1',
  ),
  'yt0' => '',
)

$_FILES=array (
  'Post' => 
  array (
    'name' => 
    array (
      'image' => '',
    ),
    'type' => 
    array (
      'image' => '',
    ),
    'tmp_name' => 
    array (
      'image' => '',
    ),
    'error' => 
    array (
      'image' => 4,
    ),
    'size' => 
    array (
      'image' => 0,
    ),
  ),
)

$_COOKIE=array (
  'PHPSESSID' => 'i1bflcgr2u0b34b01r8koeusu7',
  '_ga' => 'GA1.2.1838133913.1504076940',
  '_gid' => 'GA1.2.152005119.1506056789',
)

$_SESSION=array (
  '73821138024431ed23633d77993d5bb9__returnUrl' => '/post/admin',
  '73821138024431ed23633d77993d5bb9__id' => '1',
  '73821138024431ed23633d77993d5bb9__name' => 'admin',
  '73821138024431ed23633d77993d5bb9vkey' => 'b252ae735f04fbe0d4d8416d40b3d882',
  '73821138024431ed23633d77993d5bb9__states' => 
  array (
    'vkey' => true,
  ),
)

$_SERVER=array (
  'CONTENT_LENGTH' => '10198',
  'CONTENT_TYPE' => 'multipart/form-data; boundary=----WebKitFormBoundary8GynlJzLpHBBcxCW',
  'DOCUMENT_ROOT' => '/home2/surbzora/public_html/zoravor/backend/www',
  'GATEWAY_INTERFACE' => 'CGI/1.1',
  'HTTP_ACCEPT' => 'text/html,application/xhtml+xml,application/xml;q=0.9,image/webp,image/apng,*/*;q=0.8',
  'HTTP_ACCEPT_ENCODING' => 'gzip, deflate',
  'HTTP_ACCEPT_LANGUAGE' => 'ru-RU,ru;q=0.8,en-US;q=0.6,en;q=0.4,hy;q=0.2',
  'HTTP_CACHE_CONTROL' => 'max-age=0',
  'HTTP_CONNECTION' => 'close',
  'HTTP_COOKIE' => 'PHPSESSID=i1bflcgr2u0b34b01r8koeusu7; _ga=GA1.2.1838133913.1504076940; _gid=GA1.2.152005119.1506056789',
  'HTTP_HOST' => 'adm.surbzoravor.am',
  'HTTP_ORIGIN' => 'http://adm.surbzoravor.am',
  'HTTP_REFERER' => 'http://adm.surbzoravor.am/post/update/1987/',
  'HTTP_UPGRADE_INSECURE_REQUESTS' => '1',
  'HTTP_USER_AGENT' => 'Mozilla/5.0 (Windows NT 6.1; Win64; x64) AppleWebKit/537.36 (KHTML, like Gecko) Chrome/61.0.3163.100 Safari/537.36',
  'HTTP_X_HTTP_PROTO' => 'HTTP/1.1',
  'HTTP_X_REAL_IP' => '46.71.64.70',
  'MAGICK_THREAD_LIMIT' => '1',
  'PATH' => '/bin:/usr/bin',
  'QUERY_STRING' => '',
  'REDIRECT_MAGICK_THREAD_LIMIT' => '1',
  'REDIRECT_STATUS' => '200',
  'REDIRECT_UNIQUE_ID' => 'WcoJCK3@HCcAAsaOyzsAAAFd',
  'REDIRECT_URL' => '/post/update/1987/',
  'REMOTE_ADDR' => '46.71.64.70',
  'REMOTE_PORT' => '13891',
  'REQUEST_METHOD' => 'POST',
  'REQUEST_URI' => '/post/update/1987/',
  'SCRIPT_FILENAME' => '/home2/surbzora/public_html/zoravor/backend/www/index.php',
  'SCRIPT_NAME' => '/index.php',
  'SERVER_ADDR' => '173.254.28.39',
  'SERVER_ADMIN' => 'webmaster@adm.surbzoravor.am',
  'SERVER_NAME' => 'adm.surbzoravor.am',
  'SERVER_PORT' => '80',
  'SERVER_PROTOCOL' => 'HTTP/1.1',
  'SERVER_SIGNATURE' => '<address>Apache Server at adm.surbzoravor.am Port 80</address>
',
  'SERVER_SOFTWARE' => 'Apache',
  'UNIQUE_ID' => 'WcoJCK3@HCcAAsaOyzsAAAFd',
  'PHPRC' => '/home2/surbzora/public_html/:/usr/php/56/etc/',
  'ORIG_PATH_INFO' => '/post/update/1987/',
  'ORIG_PATH_TRANSLATED' => '/home2/surbzora/public_html/zoravor/backend/www/index.php',
  'PHP_SELF' => '/index.php',
  'REQUEST_TIME_FLOAT' => 1506412809.0837009,
  'REQUEST_TIME' => 1506412809,
)
2017/09/26 08:00:09 [warning] [application] Failed to set unsafe attribute "image" of "Post".
in /home2/surbzora/public_html/zoravor/backend/controllers/PostController.php (159)
in /home2/surbzora/public_html/zoravor/backend/www/index.php (27)
2017/09/26 08:03:58 [info] [application] User: admin (ID: 1)

$_GET=array (
  'id' => '1987',
)

$_POST=array (
  'Post' => 
  array (
    'menu_id' => '17',
    'name' => 'Սուրբ Գևորգի տոնի ժողովրդական սովորույթները',
    'meta-key' => '',
    'text' => '<p>Սբ. Գևորգի տոնն&nbsp;ընդունված և սիրելի տոն է հայերիս մեջ: Չնայած եկեղեցական տոնացույցը Սբ. Գևորգի տոնը հաստատուն նշում է սեպտեմբերի 25-ից մինչև հոկտեմբերի 1-ն ընկնող շաբաթ օրը, և այն նախորդում է Վարագա Սբ. Խաչի տոնին, որն իր հերթին նշվում է սեպտեմբերի 25-ից մինչև հոկտեմբերի 1-ն ընկնող կիրակի օրը, ժողովուրդը, այնուամենայնիվ, Սբ. Գևորգի ուխտագնացությունն անում է հոկտեմբերի վերջին, երբ դաշտային երկրագործական աշխատանքները հիմնականում ավարտված էին լինում: Սբ. Գևորգի տոնին նախորդող պահքն էլ կոչվում է Սբ. Գևորգի պահք:</p>

<p>Սրբերին նվիրված տոները հայերի մեջ ուղեկցվում էին մատաղներով, ուխտագնացություններով: Տոները մեծ մասամբ անց էր կացվում ուխտավայրերում, որոնք կրում էին նշվող սրբի անունը: Այդ օրերը վերածվում էր ժողովրդական տոնախմբության: Այս առումով բացառություն չի կազմել նաև Սբ. Գևորգի տոնը: Նրա անվան ուխտատեղիներ կային Սիսիանում, Վասպուրականում, Ղզլարում, Բիթլիսում և այլուր: Սրբի տոնը նշվում էր հատկապես Վանում, Քանաքեռում, Շիրակում, Նոր Նախիջևանում և այլն: Ներկայումս, այդ օրը ժողովուրդը մեծ խմբերով այցելում է Նորագավթի և Մուղնու Սբ. Գևորգ եկեղեցիները:</p>

<p>Բնիկ քանաքեռցի Գրիգոր Ավագյանը Մուղնու Սբ. Գևորգ ուխտի գնալը հետևյալ կերպ է պատմում. &laquo;Աշնանը, այգիների բերքը հավաքելուց հետո, պատրաստություն էին տեսնում հոկտեմբերի վերջին կիրակի օրը Մուղնի ուխտ գնալու համար: Տղամարդիկ, հատկապես՝ երիտասարդությունը, իրենց ձիերի շնորհքը ցույց տալու համար մեկ ամիս առաջ աշխատանքից հոգնած ձիերին բաց էին թողնում այգիներում հանգստանալու և գիրանալու համար, չէ որ Մուղնի ուխտ գնալը միայն ուխտ գնալ չէր, դրա հետ միասին նաև՝ մրցույթ ու տոնախմբություն էր: Ջահել տղաները քյահլան ձիերը նստած, գեղեցիկ հագուստով, աղջիկներն ու հարսները գլխները շինած, աչքերը դեղ դրած, խաս ու ղումաշ հագած, զարդ ու զարդարանքով: Կանայք, նախօրոք խաշած հավերով, բուղլամա դրած գառներով, եփած ձկներով, հացերի մեջ փաթաթած, հաց, գաթա, հալվա բոլորը կապոց արած, դրած սայլերին: Շաբաթ օրն աղոթարանին գյուղի ահել ու ջահել ոտքի վրա էին: Տեսնողը կկարծեր, թե գյուղը տեղահան է լինում:</p>

<p>Ամենքն ունեին իրենց փափագը, որի ամուսինը կամ որդին էր գտնվում օտարության մեջ, որը երեխա չէր ունենում, որը՝ հիվանդի, իսկ ջահելներն էլ՝ սիրո տեր լինելու համար:</p>

<p>Ուխտի ճանապարհը երկար էր ու բազմամարդ: Անծանոթ մարդիկ ծանոթանում ու բարեկամանում էին միմյանց&hellip; Շատ երիտասարդ տղաներ ու աղջիկներ այստեղ էին ծանոթանում միմյանց ու սիրո խոստումներ տալիս:</p>

<p>&laquo;Երոկոյան և ցերեկային ժամերգություններից հետո, երբ արդեն օրհնվել էին մատաղացուները, վառում էին օջախները, սեղան բացում կանաչների վրա, ու սկսում էր քեֆը&raquo; (Հրանուշ Խառատյան-Առաքելյան, &laquo;Հայ ժողովրդկան տոները&raquo;, Երևան, 2005թ.):</p>

<p>Սբ. Գևորգի տոնի ուխտագնացությունը ցանկալի և սպասված տոն էր Վանում: Սբ. Գևորգի հնգօրյա պասից հետո շաբաթ օրվա կեսօրից սկսվում էր ուխտագնացության պատրաստությունը: Ուխտագնացությանը մասնակցում էին փոքրից մեծ: Սբ. Գևորգի ուխտագնացության երթը սկսվում էր երեկոյան, որը հիմնականում լինում էր հետիոտն, բացառությամբ՝ ձի ունեցողների: Ուխտագնացների հետ լինում էին մի քանի թեթևաշարժ սայլակներ, որոնց վրա բարձվում էին ուխտավորների ուտելիքի պաշար&nbsp;կապոցները: Սբ. Գևորգի ուխտագնացությունը տևում էր երեք օր: Այդ նույն շաբաթ երեկոյան, երբ ուխտավորները պատրաստվում էին ճանապարհ ընկնելու, տանը սկսվում էր հարիսա դնելու գործողությունը: Հարիսա դնում էին բոլորն անխտիր: Ամենասակավանդամ ընտանիքը պետք է դներ երկու հավով հարիսա, իսկ բազմանդամների տներում այդ օրը մորթվում էր ութից տասը հավ:</p>

<p>Ըստ ավանդության՝ Սբ. Գրիգոր Լուսավորիչը Խոր Վիրապից դուրս գալուց հետո քառասուն օր Վաղարշապատում քարոզում է և այդ ընթացքում նրա մեջ ցանկություն է առաջանում աղքատներին ճաշ տալ: Հազարավոր գյուղացիներին նա հազարավոր ոչխարներ ու մեծ քանակությամբ յուղ է բերել տալիս, միսն ու կորկոտը լցնել է տալիս խոշոր կաթսաների մեջ և հաստաբազուկ կտրիճ երիտասարդներին ասում, որ հարեն. &laquo;հարէք զսա&raquo;, որից և այդ կերակուրի անունը մնացել է &laquo;հարիսա&raquo;:</p>

<p>Սբ. Գևորգին վերագրվում էր ապավինող, պաշտպանող էություն: Մոքսում նրա անունով մի ուխտատեղի կար, որը հասարակ մի մատուռ էր, ուր ամփոփված էր Սբ. Գևորգի մասունքը: Ոչ միայն հայերը, այլև քրդերը հաճախ էին այդտեղ ուխտի գալիս: Բացի այդ, փախուստի, երկյուղի ժամանակ ամեն տեսակ իրեր բերում դնում էին այնտեղ իբրև &laquo;ամանաթ&raquo;, ավանդ և ոչ&nbsp;ոք չէր համարձակվում դրանք վերցնել:</p>

<p>Սբ. Գևորգի տոնը ընդունված է նաև այլ ժողովուրդների մեջ (վրացիներ, ռուսներ, հույներ և այլն), սակայն ամենուրեք այն ազգայնացվել է, իսկ սուրբն էլ դարձել է տվյալ ազգի ներկայացուցիչը: Այս առումով հայերը ևս բացառություն չեն կազմում, որոնք նրան վերագրում են նաև ռազմական, զինվորական հատկանիշներ:</p>

<p>&nbsp;</p>

<p>Կազմեց Գայանե Սուգիկյանը</p>
',
    'created_date' => '2017-09-30 00:00:00',
    'type' => '0',
    'path' => '',
    'visible' => '1',
    'home_page' => '1',
    'image' => '',
    'stick' => '0',
    'read_all' => '0',
    'read' => '1',
  ),
  'yt0' => '',
)

$_FILES=array (
  'Post' => 
  array (
    'name' => 
    array (
      'image' => '',
    ),
    'type' => 
    array (
      'image' => '',
    ),
    'tmp_name' => 
    array (
      'image' => '',
    ),
    'error' => 
    array (
      'image' => 4,
    ),
    'size' => 
    array (
      'image' => 0,
    ),
  ),
)

$_COOKIE=array (
  'PHPSESSID' => 'i1bflcgr2u0b34b01r8koeusu7',
  '_ga' => 'GA1.2.1838133913.1504076940',
  '_gid' => 'GA1.2.152005119.1506056789',
)

$_SESSION=array (
  '73821138024431ed23633d77993d5bb9__returnUrl' => '/post/admin',
  '73821138024431ed23633d77993d5bb9__id' => '1',
  '73821138024431ed23633d77993d5bb9__name' => 'admin',
  '73821138024431ed23633d77993d5bb9vkey' => 'b252ae735f04fbe0d4d8416d40b3d882',
  '73821138024431ed23633d77993d5bb9__states' => 
  array (
    'vkey' => true,
  ),
)

$_SERVER=array (
  'CONTENT_LENGTH' => '10197',
  'CONTENT_TYPE' => 'multipart/form-data; boundary=----WebKitFormBoundaryhIFqoEbs0DSOBj0Y',
  'DOCUMENT_ROOT' => '/home2/surbzora/public_html/zoravor/backend/www',
  'GATEWAY_INTERFACE' => 'CGI/1.1',
  'HTTP_ACCEPT' => 'text/html,application/xhtml+xml,application/xml;q=0.9,image/webp,image/apng,*/*;q=0.8',
  'HTTP_ACCEPT_ENCODING' => 'gzip, deflate',
  'HTTP_ACCEPT_LANGUAGE' => 'ru-RU,ru;q=0.8,en-US;q=0.6,en;q=0.4,hy;q=0.2',
  'HTTP_CACHE_CONTROL' => 'max-age=0',
  'HTTP_CONNECTION' => 'close',
  'HTTP_COOKIE' => 'PHPSESSID=i1bflcgr2u0b34b01r8koeusu7; _ga=GA1.2.1838133913.1504076940; _gid=GA1.2.152005119.1506056789',
  'HTTP_HOST' => 'adm.surbzoravor.am',
  'HTTP_ORIGIN' => 'http://adm.surbzoravor.am',
  'HTTP_REFERER' => 'http://adm.surbzoravor.am/post/update/1987',
  'HTTP_UPGRADE_INSECURE_REQUESTS' => '1',
  'HTTP_USER_AGENT' => 'Mozilla/5.0 (Windows NT 6.1; Win64; x64) AppleWebKit/537.36 (KHTML, like Gecko) Chrome/61.0.3163.100 Safari/537.36',
  'HTTP_X_HTTP_PROTO' => 'HTTP/1.1',
  'HTTP_X_REAL_IP' => '46.71.64.70',
  'MAGICK_THREAD_LIMIT' => '1',
  'PATH' => '/bin:/usr/bin',
  'QUERY_STRING' => '',
  'REDIRECT_MAGICK_THREAD_LIMIT' => '1',
  'REDIRECT_STATUS' => '200',
  'REDIRECT_UNIQUE_ID' => 'WcoJ7K3@HCcAAuv-kPoAAABI',
  'REDIRECT_URL' => '/post/update/1987',
  'REMOTE_ADDR' => '46.71.64.70',
  'REMOTE_PORT' => '21981',
  'REQUEST_METHOD' => 'POST',
  'REQUEST_URI' => '/post/update/1987',
  'SCRIPT_FILENAME' => '/home2/surbzora/public_html/zoravor/backend/www/index.php',
  'SCRIPT_NAME' => '/index.php',
  'SERVER_ADDR' => '173.254.28.39',
  'SERVER_ADMIN' => 'webmaster@adm.surbzoravor.am',
  'SERVER_NAME' => 'adm.surbzoravor.am',
  'SERVER_PORT' => '80',
  'SERVER_PROTOCOL' => 'HTTP/1.1',
  'SERVER_SIGNATURE' => '<address>Apache Server at adm.surbzoravor.am Port 80</address>
',
  'SERVER_SOFTWARE' => 'Apache',
  'UNIQUE_ID' => 'WcoJ7K3@HCcAAuv-kPoAAABI',
  'PHPRC' => '/home2/surbzora/public_html/:/usr/php/56/etc/',
  'ORIG_PATH_INFO' => '/post/update/1987',
  'ORIG_PATH_TRANSLATED' => '/home2/surbzora/public_html/zoravor/backend/www/index.php',
  'PHP_SELF' => '/index.php',
  'REQUEST_TIME_FLOAT' => 1506413038.30635,
  'REQUEST_TIME' => 1506413038,
)
2017/09/26 08:03:58 [warning] [application] Failed to set unsafe attribute "image" of "Post".
in /home2/surbzora/public_html/zoravor/backend/controllers/PostController.php (159)
in /home2/surbzora/public_html/zoravor/backend/www/index.php (27)
2017/09/26 08:09:17 [info] [application] User: admin (ID: 1)

$_GET=array (
  'id' => '1987',
)

$_POST=array (
  'Post' => 
  array (
    'menu_id' => '17',
    'name' => 'Սուրբ Գևորգի տոնի ժողովրդական սովորույթները',
    'meta-key' => '',
    'text' => '<p>Սբ. Գևորգի տոնն&nbsp;ընդունված և սիրելի տոն է հայերիս մեջ: Չնայած եկեղեցական տոնացույցը Սբ. Գևորգի տոնը հաստատուն նշում է սեպտեմբերի 25-ից մինչև հոկտեմբերի 1-ն ընկնող շաբաթ օրը, և այն նախորդում է Վարագա Սբ. Խաչի տոնին, որն իր հերթին նշվում է սեպտեմբերի 25-ից մինչև հոկտեմբերի 1-ն ընկնող կիրակի օրը, ժողովուրդը, այնուամենայնիվ, Սբ. Գևորգի ուխտագնացությունն անում է հոկտեմբերի վերջին, երբ դաշտային երկրագործական աշխատանքները հիմնականում ավարտված էին լինում: Սբ. Գևորգի տոնին նախորդող պահքն էլ կոչվում է Սբ. Գևորգի պահք:</p>

<p>Սրբերին նվիրված տոները հայերի մեջ ուղեկցվում էին մատաղներով, ուխտագնացություններով: Տոները մեծ մասամբ անց էր կացվում ուխտավայրերում, որոնք կրում էին նշվող սրբի անունը: Այդ օրերը վերածվում էր ժողովրդական տոնախմբության: Այս առումով բացառություն չի կազմել նաև Սբ. Գևորգի տոնը: Նրա անվան ուխտատեղիներ կային Սիսիանում, Վասպուրականում, Ղզլարում, Բիթլիսում և այլուր: Սրբի տոնը նշվում էր հատկապես Վանում, Քանաքեռում, Շիրակում, Նոր Նախիջևանում և այլն: Ներկայումս, այդ օրը ժողովուրդը մեծ խմբերով այցելում է Նորագավթի և Մուղնու Սբ. Գևորգ եկեղեցիները:</p>

<p>Բնիկ քանաքեռցի Գրիգոր Ավագյանը Մուղնու Սբ. Գևորգ ուխտի գնալը հետևյալ կերպ է պատմում. &laquo;Աշնանը, այգիների բերքը հավաքելուց հետո, պատրաստություն էին տեսնում հոկտեմբերի վերջին կիրակի օրը Մուղնի ուխտ գնալու համար: Տղամարդիկ, հատկապես՝ երիտասարդությունը, իրենց ձիերի շնորհքը ցույց տալու համար մեկ ամիս առաջ աշխատանքից հոգնած ձիերին բաց էին թողնում այգիներում հանգստանալու և գիրանալու համար, չէ որ Մուղնի ուխտ գնալը միայն ուխտ գնալ չէր, դրա հետ միասին նաև՝ մրցույթ ու տոնախմբություն էր: Ջահել տղաները քյահլան ձիերը նստած, գեղեցիկ հագուստով, աղջիկներն ու հարսները գլխները շինած, աչքերը դեղ դրած, խաս ու ղումաշ հագած, զարդ ու զարդարանքով: Կանայք, նախօրոք խաշած հավերով, բուղլամա դրած գառներով, եփած ձկներով, հացերի մեջ փաթաթած, հաց, գաթա, հալվա բոլորը կապոց արած, դրած սայլերին: Շաբաթ օրն աղոթարանին գյուղի ահել ու ջահել ոտքի վրա էին: Տեսնողը կկարծեր, թե գյուղը տեղահան է լինում:</p>

<p>Ամենքն ունեին իրենց փափագը, որի ամուսինը կամ որդին էր գտնվում օտարության մեջ, որը երեխա չէր ունենում, որը՝ հիվանդի, իսկ ջահելներն էլ՝ սիրո տեր լինելու համար:</p>

<p>Ուխտի ճանապարհը երկար էր ու բազմամարդ: Անծանոթ մարդիկ ծանոթանում ու բարեկամանում էին միմյանց&hellip; Շատ երիտասարդ տղաներ ու աղջիկներ այստեղ էին ծանոթանում միմյանց ու սիրո խոստումներ տալիս:</p>

<p>&laquo;Երոկոյան և ցերեկային ժամերգություններից հետո, երբ արդեն օրհնվել էին մատաղացուները, վառում էին օջախները, սեղան բացում կանաչների վրա, ու սկսում էր քեֆը&raquo; (Հրանուշ Խառատյան-Առաքելյան, &laquo;Հայ ժողովրդկան տոները&raquo;, Երևան, 2005թ.):</p>

<p>Սբ. Գևորգի տոնի ուխտագնացությունը ցանկալի և սպասված տոն էր Վանում: Սբ. Գևորգի հնգօրյա պասից հետո շաբաթ օրվա կեսօրից սկսվում էր ուխտագնացության պատրաստությունը: Ուխտագնացությանը մասնակցում էին փոքրից մեծ: Սբ. Գևորգի ուխտագնացության երթը սկսվում էր երեկոյան, որը հիմնականում լինում էր հետիոտն, բացառությամբ՝ ձի ունեցողների: Ուխտագնացների հետ լինում էին մի քանի թեթևաշարժ սայլակներ, որոնց վրա բարձվում էին ուխտավորների ուտելիքի պաշար&nbsp;կապոցները: Սբ. Գևորգի ուխտագնացությունը տևում էր երեք օր: Այդ նույն շաբաթ երեկոյան, երբ ուխտավորները պատրաստվում էին ճանապարհ ընկնելու, տանը սկսվում էր հարիսա դնելու գործողությունը: Հարիսա դնում էին բոլորն անխտիր: Ամենասակավանդամ ընտանիքը պետք է դներ երկու հավով հարիսա, իսկ բազմանդամների տներում այդ օրը մորթվում էր ութից տասը հավ:</p>

<p>Ըստ ավանդության՝ Սբ. Գրիգոր Լուսավորիչը Խոր Վիրապից դուրս գալուց հետո քառասուն օր Վաղարշապատում քարոզում է և այդ ընթացքում նրա մեջ ցանկություն է առաջանում աղքատներին ճաշ տալ: Հազարավոր գյուղացիներին նա հազարավոր ոչխարներ ու մեծ քանակությամբ յուղ է բերել տալիս, միսն ու կորկոտը լցնել է տալիս խոշոր կաթսաների մեջ և հաստաբազուկ կտրիճ երիտասարդներին ասում, որ հարեն. &laquo;հարէք զսա&raquo;, որից և այդ կերակուրի անունը մնացել է &laquo;հարիսա&raquo;:</p>

<p>Սբ. Գևորգին վերագրվում էր ապավինող, պաշտպանող էություն: Մոքսում նրա անունով մի ուխտատեղի կար, որը հասարակ մի մատուռ էր, ուր ամփոփված էր Սբ. Գևորգի մասունքը: Ոչ միայն հայերը, այլև քրդերը հաճախ էին այդտեղ ուխտի գալիս: Բացի այդ, փախուստի, երկյուղի ժամանակ ամեն տեսակ իրեր բերում դնում էին այնտեղ իբրև &laquo;ամանաթ&raquo;, ավանդ և ոչ&nbsp;ոք չէր համարձակվում դրանք վերցնել:</p>

<p>Սբ. Գևորգի տոնը ընդունված է նաև այլ ժողովուրդների մեջ (վրացիներ, ռուսներ, հույներ և այլն), սակայն ամենուրեք այն ազգայնացվել է, իսկ սուրբն էլ դարձել է տվյալ ազգի ներկայացուցիչը: Այս առումով հայերը ևս բացառություն չեն կազմում, որոնք նրան վերագրում են նաև ռազմական, զինվորական հատկանիշներ:</p>

<p>&nbsp;</p>

<p>Կազմեց Գայանե Սուգիկյանը</p>
',
    'created_date' => '2017-09-30 00:00:00',
    'type' => '0',
    'path' => '',
    'visible' => '1',
    'home_page' => '1',
    'image' => '',
    'stick' => '0',
    'read_all' => '0',
    'read' => '1',
  ),
  'yt0' => '',
)

$_FILES=array (
  'Post' => 
  array (
    'name' => 
    array (
      'image' => 'սբ Գևորգ.jpg',
    ),
    'type' => 
    array (
      'image' => 'image/jpeg',
    ),
    'tmp_name' => 
    array (
      'image' => '/tmp/phpHSTs22',
    ),
    'error' => 
    array (
      'image' => 0,
    ),
    'size' => 
    array (
      'image' => 456236,
    ),
  ),
)

$_COOKIE=array (
  'PHPSESSID' => 'i1bflcgr2u0b34b01r8koeusu7',
  '_ga' => 'GA1.2.1838133913.1504076940',
  '_gid' => 'GA1.2.152005119.1506056789',
)

$_SESSION=array (
  '73821138024431ed23633d77993d5bb9__returnUrl' => '/post/admin',
  '73821138024431ed23633d77993d5bb9__id' => '1',
  '73821138024431ed23633d77993d5bb9__name' => 'admin',
  '73821138024431ed23633d77993d5bb9vkey' => 'b252ae735f04fbe0d4d8416d40b3d882',
  '73821138024431ed23633d77993d5bb9__states' => 
  array (
    'vkey' => true,
  ),
)

$_SERVER=array (
  'CONTENT_LENGTH' => '466438',
  'CONTENT_TYPE' => 'multipart/form-data; boundary=----WebKitFormBoundaryAAIhQ0JX5tGo4keL',
  'DOCUMENT_ROOT' => '/home2/surbzora/public_html/zoravor/backend/www',
  'GATEWAY_INTERFACE' => 'CGI/1.1',
  'HTTP_ACCEPT' => 'text/html,application/xhtml+xml,application/xml;q=0.9,image/webp,image/apng,*/*;q=0.8',
  'HTTP_ACCEPT_ENCODING' => 'gzip, deflate',
  'HTTP_ACCEPT_LANGUAGE' => 'ru-RU,ru;q=0.8,en-US;q=0.6,en;q=0.4,hy;q=0.2',
  'HTTP_CACHE_CONTROL' => 'max-age=0',
  'HTTP_CONNECTION' => 'close',
  'HTTP_COOKIE' => 'PHPSESSID=i1bflcgr2u0b34b01r8koeusu7; _ga=GA1.2.1838133913.1504076940; _gid=GA1.2.152005119.1506056789',
  'HTTP_HOST' => 'adm.surbzoravor.am',
  'HTTP_ORIGIN' => 'http://adm.surbzoravor.am',
  'HTTP_REFERER' => 'http://adm.surbzoravor.am/post/update/1987',
  'HTTP_UPGRADE_INSECURE_REQUESTS' => '1',
  'HTTP_USER_AGENT' => 'Mozilla/5.0 (Windows NT 6.1; Win64; x64) AppleWebKit/537.36 (KHTML, like Gecko) Chrome/61.0.3163.100 Safari/537.36',
  'HTTP_X_HTTP_PROTO' => 'HTTP/1.1',
  'HTTP_X_REAL_IP' => '46.71.64.70',
  'MAGICK_THREAD_LIMIT' => '1',
  'PATH' => '/bin:/usr/bin',
  'QUERY_STRING' => '',
  'REDIRECT_MAGICK_THREAD_LIMIT' => '1',
  'REDIRECT_STATUS' => '200',
  'REDIRECT_UNIQUE_ID' => 'WcoLLa3@HCcAAzWrxGgAAADG',
  'REDIRECT_URL' => '/post/update/1987',
  'REMOTE_ADDR' => '46.71.64.70',
  'REMOTE_PORT' => '32807',
  'REQUEST_METHOD' => 'POST',
  'REQUEST_URI' => '/post/update/1987',
  'SCRIPT_FILENAME' => '/home2/surbzora/public_html/zoravor/backend/www/index.php',
  'SCRIPT_NAME' => '/index.php',
  'SERVER_ADDR' => '173.254.28.39',
  'SERVER_ADMIN' => 'webmaster@adm.surbzoravor.am',
  'SERVER_NAME' => 'adm.surbzoravor.am',
  'SERVER_PORT' => '80',
  'SERVER_PROTOCOL' => 'HTTP/1.1',
  'SERVER_SIGNATURE' => '<address>Apache Server at adm.surbzoravor.am Port 80</address>
',
  'SERVER_SOFTWARE' => 'Apache',
  'UNIQUE_ID' => 'WcoLLa3@HCcAAzWrxGgAAADG',
  'PHPRC' => '/home2/surbzora/public_html/:/usr/php/56/etc/',
  'ORIG_PATH_INFO' => '/post/update/1987',
  'ORIG_PATH_TRANSLATED' => '/home2/surbzora/public_html/zoravor/backend/www/index.php',
  'PHP_SELF' => '/index.php',
  'REQUEST_TIME_FLOAT' => 1506413357.310081,
  'REQUEST_TIME' => 1506413357,
)
2017/09/26 08:09:17 [warning] [application] Failed to set unsafe attribute "image" of "Post".
in /home2/surbzora/public_html/zoravor/backend/controllers/PostController.php (159)
in /home2/surbzora/public_html/zoravor/backend/www/index.php (27)
2017/09/26 10:57:20 [info] [application] User: admin (ID: 1)

$_POST=array (
  'Post' => 
  array (
    'menu_id' => '19',
    'name' => 'Աստծո պատվիրանը',
    'meta-key' => '',
    'text' => '<p><span style="color:#4B0082"><span style="font-size:18px"><strong>Հ</strong></span></span>այր Պափնոտիոսի մասին ասում էին, թե երբեք գինի չէր խմում: Մի անգամ ճանապարհ գնալիս հանդիպեց ավազակների, որոնք գինի էին խմում, իսկ ավազակապետը ճանաչում էր նրան և գիտեր, որ նա գինի չի խմում: Եվ տեսնելով, որ նա շատ է հոգնած, լցրեց բաժակը գինով և սուսերը ձեռքին` ծերին ասաց. &laquo;Եթե չխմես, կսպանեմ քեզ&raquo;: Եվ ծերը գիտենալով, որ Աստծո&nbsp; պատվիրանն&nbsp; է&nbsp; կատարում&nbsp; (Մատթ. 5:41), վերցրեց և խմեց գինին: Եվ ավազակապետն ընկավ նրա առաջ և ասաց. &laquo;Թողությո՛ւն տուր, հա՛յր, որ քեզ նեղացրի&raquo;: Եվ ծերն ասաց. &laquo;Հավատում եմ Աստծուն, որ այս բաժակի համար քեզ ողորմություն կանի հավիտյանս՝ այստեղ և հանդերձյալում&raquo;: Ավազակապետն ասաց նրան. &laquo;Հավատում եմ Աստծուն, որ ես սրանից հետո ոչ մեկին չարիք չեմ պատճառի&raquo;: Եվ ծերը շահեց բոլոր ավազակներին՝ ավազակապետով հանդերձ, քանզի իր կամքը չկատարեց, այլ շահեց նրանց՝ հանուն Աստծո:</p>

<p>&nbsp;</p>

<p>&laquo;Սուրբ հայրերի վարքն ու կենցաղավարությունը&raquo; գրքից, Հատոր Ա, Էջմիածին 2016</p>
',
    'created_date' => '2017-09-27',
    'type' => '0',
    'path' => '',
    'visible' => '1',
    'home_page' => '0',
    'image' => '',
    'stick' => '0',
    'read_all' => '0',
    'read' => '1',
  ),
  'yt0' => '',
)

$_FILES=array (
  'Post' => 
  array (
    'name' => 
    array (
      'image' => 'festival_vine_1.jpg',
    ),
    'type' => 
    array (
      'image' => 'image/jpeg',
    ),
    'tmp_name' => 
    array (
      'image' => '/tmp/phpQEuXhY',
    ),
    'error' => 
    array (
      'image' => 0,
    ),
    'size' => 
    array (
      'image' => 340399,
    ),
  ),
)

$_COOKIE=array (
  '_ga' => 'GA1.2.1838133913.1504076940',
  '_gid' => 'GA1.2.152005119.1506056789',
  'PHPSESSID' => 'vesv7o35c6nvo2m7hk1lnujvd2',
)

$_SESSION=array (
  '73821138024431ed23633d77993d5bb9__returnUrl' => '/post/create',
  '73821138024431ed23633d77993d5bb9__id' => '1',
  '73821138024431ed23633d77993d5bb9__name' => 'admin',
  '73821138024431ed23633d77993d5bb9vkey' => '752d04c68dbfcbe5f90fc97255e7849d',
  '73821138024431ed23633d77993d5bb9__states' => 
  array (
    'vkey' => true,
  ),
)

$_SERVER=array (
  'CONTENT_LENGTH' => '344083',
  'CONTENT_TYPE' => 'multipart/form-data; boundary=----WebKitFormBoundary7BJlcWe60tEaPUXe',
  'DOCUMENT_ROOT' => '/home2/surbzora/public_html/zoravor/backend/www',
  'GATEWAY_INTERFACE' => 'CGI/1.1',
  'HTTP_ACCEPT' => 'text/html,application/xhtml+xml,application/xml;q=0.9,image/webp,image/apng,*/*;q=0.8',
  'HTTP_ACCEPT_ENCODING' => 'gzip, deflate',
  'HTTP_ACCEPT_LANGUAGE' => 'ru-RU,ru;q=0.8,en-US;q=0.6,en;q=0.4,hy;q=0.2',
  'HTTP_CACHE_CONTROL' => 'max-age=0',
  'HTTP_CONNECTION' => 'close',
  'HTTP_COOKIE' => '_ga=GA1.2.1838133913.1504076940; _gid=GA1.2.152005119.1506056789; PHPSESSID=vesv7o35c6nvo2m7hk1lnujvd2',
  'HTTP_HOST' => 'adm.surbzoravor.am',
  'HTTP_ORIGIN' => 'http://adm.surbzoravor.am',
  'HTTP_REFERER' => 'http://adm.surbzoravor.am/post/create',
  'HTTP_UPGRADE_INSECURE_REQUESTS' => '1',
  'HTTP_USER_AGENT' => 'Mozilla/5.0 (Windows NT 6.1; Win64; x64) AppleWebKit/537.36 (KHTML, like Gecko) Chrome/61.0.3163.100 Safari/537.36',
  'HTTP_X_HTTP_PROTO' => 'HTTP/1.1',
  'HTTP_X_REAL_IP' => '46.71.64.70',
  'MAGICK_THREAD_LIMIT' => '1',
  'PATH' => '/bin:/usr/bin',
  'QUERY_STRING' => '',
  'REDIRECT_MAGICK_THREAD_LIMIT' => '1',
  'REDIRECT_STATUS' => '200',
  'REDIRECT_UNIQUE_ID' => 'WcoykK3@HCcACjFXQxUAAADR',
  'REDIRECT_URL' => '/post/create',
  'REMOTE_ADDR' => '46.71.64.70',
  'REMOTE_PORT' => '20511',
  'REQUEST_METHOD' => 'POST',
  'REQUEST_URI' => '/post/create',
  'SCRIPT_FILENAME' => '/home2/surbzora/public_html/zoravor/backend/www/index.php',
  'SCRIPT_NAME' => '/index.php',
  'SERVER_ADDR' => '173.254.28.39',
  'SERVER_ADMIN' => 'webmaster@adm.surbzoravor.am',
  'SERVER_NAME' => 'adm.surbzoravor.am',
  'SERVER_PORT' => '80',
  'SERVER_PROTOCOL' => 'HTTP/1.1',
  'SERVER_SIGNATURE' => '<address>Apache Server at adm.surbzoravor.am Port 80</address>
',
  'SERVER_SOFTWARE' => 'Apache',
  'UNIQUE_ID' => 'WcoykK3@HCcACjFXQxUAAADR',
  'PHPRC' => '/home2/surbzora/public_html/:/usr/php/56/etc/',
  'ORIG_PATH_INFO' => '/post/create',
  'ORIG_PATH_TRANSLATED' => '/home2/surbzora/public_html/zoravor/backend/www/index.php',
  'PHP_SELF' => '/index.php',
  'REQUEST_TIME_FLOAT' => 1506423440.6180141,
  'REQUEST_TIME' => 1506423440,
)
2017/09/26 10:57:20 [warning] [application] Failed to set unsafe attribute "image" of "Post".
in /home2/surbzora/public_html/zoravor/backend/controllers/PostController.php (67)
in /home2/surbzora/public_html/zoravor/backend/www/index.php (27)
2017/09/27 06:46:27 [info] [application] User: admin (ID: 1)

$_POST=array (
  'Post' => 
  array (
    'menu_id' => '',
    'name' => 'Աստծո, թե՞ մարդկանց մոտ ենք բարեհաճություն փնտրում',
    'meta-key' => '',
    'text' => '<p>&laquo;Ես եմ քո Տեր Աստվածը. ուրիշ աստվածներ չունենա՛ս&raquo;. &laquo;Տասնաբանյա պատվիրաններ&raquo;-ից առաջինի դեմ է մեղանչում նա, ով մարդահաճության մեղքի մեջ է: Շատ անգամ թերագնահատվում են փոքր համարվող այս մեղքի իրական վտանգները, բայց խորությամբ քննողը կնկատի, որ մարդահաճոն, հույսը կապելով մարդու հետ, ոչ միայն Աստծուն է մոռանում, այլ ճշմարիտ Աստծուն փոխարինում է մեկ ուրիշ &laquo;աստծով&raquo;: Մարդահաճությունը հիվանդագին կախվածություն է մարդկային կարծիքներից, վախ՝ հասարակության կողմից հասկացված չլինելու, խրախուսանքներից զրկվելու և կշտամբանքների ենթարկվելու: &laquo;Մեծագույն անտարբերությամբ ընկնում ենք մարդկային կրքերի մեջ և վիրավորում մեզ այդքան սիրող Աստծուն, իսկ նրանց, ովքեր չեն կարող մեզ ոչ մի օգուտ բերել, ամեն կերպ հաճոյանում ենք&raquo;,- ասել է Ս. Հովհան Ոսկեբերանը:&nbsp;&nbsp;</p>

<p>Սովորաբար, մարդահաճոներն ունեն իրենց օգնականները՝ կեղծիքը, երեսպաշտությունն ու շողոքորթությունը: Մարդահաճոների մի մասը գործում է շահամոլությունից դրդված՝ ձգտելով ստանալ երկրային բարիքներն առանց ջանք ու աշխատանքի: Մեկ ուրիշ խումբ էլ մարդահաճության մեջ է ընկնում փառամոլությունից դրդված՝ հետապնդելով բոլորի կողմից բարի խոսքերի արժանանալու &laquo;կարևորագույն&raquo; նպատակը: Մարդահաճությունը կարող է ծնվել նաև ազդեցիկ ղեկավարների հանդեպ փոքրոգություն դրսևորելուց: Մարդահաճոն և՛ իրեն է վնասում, և՛ դիմացինին: Դա նման է այն իրավիճակին, երբ երեխան մեծահասակից լուցկի է ուզում խաղալու համար, և մեծահասակները, որպեսզի նրան ցավ չպատճառեն, կատարում են նրա կամակորությունը:</p>

<p>Ինչի՞ց են զրկվում մարդահաճոները. նրանք, գերի դառնալով մարդկային կարծիքներին և գնահատանքներին, զրկվում են աստվածապարգև ազատությունից, հոգևոր և բարոյական սկզբունքներից: Այս կիրքը, արմատավորվելով մարդու մեջ, ամբողջովին ամայացնում և անպտուղ է դարձնում հոգևոր կյանքը: Կարևոր է, որ մարդ քննի իր խոսքերն ու արարքները՝ Աստծուն, թե՞ մարդկանց հաճոյանալու մղումով է խոսում և գործում: &laquo;Երբ գիտակցեմ, որ իմ արարքների շարժառիթը մարդահաճությունն է, ապա անհապաղ կձերբազատվեմ այս մեղքից, քանի որ բարին գործել մարդահաճությամբ, նույնն է, թե ջրհորից ջուր հանեմ ծակ դույլով&raquo; (Հայր Պաիսիոս Աթոսացի):</p>

<p>&laquo;Մի՞թե մարդիկ են հավանություն տալու իմ քարոզած Ավետարանի համար, թե՞ Աստված: Մի՞թե ես մարդկանց սիրաշահելու համար եմ աշխատում: Եթե մարդկանց սիրաշահելու հետևից ընկնեի, ապա կդադարեի Քրիստոսի ծառա լինելուց&raquo; (Գաղատացիներ 1:10): &laquo;Եթե ես ցանկանայի մարդկանց հաճո լինել,- ասել է Ս. Հովհան Ոսկեբերանը Պողոս առաքյալի շուրթերով,- ապա այժմ հրեաների կողմը կլինեի և մինչև հիմա կհետապնդեի եկեղեցուն: Բայց ես անտեսեցի և՛ իմ ազգը, և՛ ընկերներիս, և՛ բարեկամներիս, և՛ բարձր փառքս՝ համբերելով նրանց կողմից հալածանքների, թշնամության և ամենօրյա մահվան&raquo;: Տեսնո՞ւմ ես առաքելական ոգին և ավետարանական բարձրությունը: Ով ցանկանում է մարդկանց բարեհաճությունը ձեռք բերել, ապա այդպիսի մեկը սկսում է խորամանկել, ստել և կեղծել, որպեսզի ունկնդիրներին դեպի իր կողմը տրամադրի: Եվ հակառակը՝ նա, ով ցանկանում է Աստծուն հաճո լինել և Նրա բարեհաճությանն արժանանալ, անհրաժեշտ է միայն, որ մաքուր միտք ունենա: Առաքյալը կորնթացիներին ուղղված նամակում, այս մասին կրկին անգամներ անդրադառնալով, ասել է. &laquo;Մեր նպատակը ձեր բարեհաճությունը շահելը չէ&raquo; (Ա Կորնթացիներ 5:12)&nbsp; և &laquo;Ուստի ինձ համար բնավ նշանակություն չունի, թե դուք ինչպե՛ս եք դատում ինձ, կամ մարդիկ ինչպե՛ս են դատում ինձ&raquo; (Ա Կորնթացիներ 4:3)&raquo;:</p>

<p>Առաքելական նամակները թերթելիս՝ հանդիպում ենք նաև Պողոս առաքյալի հետևյալ խոսքերին՝ &laquo;Ճիշտ այնպես, ինչպես ես եմ փորձում ամեն ինչում սիրաշահել բոլորին: Ոչ թե իմ անձի օգուտն եմ փնտրում, այլ բոլորինը, որպեսզի փրկվեն&raquo; (Ա Կորնթացիներ 10:33) և &laquo;Հավատով տկարների հետ եղա հավատով տկարի պես, որպեսզի նրանց ևս սիրաշահեմ&raquo; (Ա Կորնթացիներ 9:22): Առաքյալի խոսքերը վկայում են, որ նա ամեն միջոց գործադրել է, որպեսզի մարդիկ ընդունեն միակ ճշմարտությունը: Երանելի Օգոստինոսը գրել է. &laquo;Ով ցանկանում է մարդկանց մեջ ճշմատությունը ներշնչել, նա հոգ է տանում ոչ այն մասին, թե ինչպես հանդիպի մարդկանց բարեհաճ ընդունելությանը, այլ այն մասին, թե ինչպես նրանց հաճելի դարձնի ճշմարտությունը, որը ներշնչում է նրանց&raquo;:</p>

<p>Մարդահաճությունից խուսափելը չպետք է դրդի մարդուն մեկ այլ ծայրահեղության՝ մարդկանց հանդեպ ոչ բարեհաճ տրամադրվելուն: Ավետարանում կարդում ենք. &laquo;Եթե միայն ձեր ազգակիցների հետ բարեկամություն անեք, հեթանոսներից ավելի ի՞նչ բան արած կլինեք&raquo; (Մատթեոս 5:47): Դժվար է, բայց և անհնարին էլ չէ մարդահաճությունից ձերբազատվելը: Եկեղեցու հայրերը նշում են, որ յուրաքանչյուր կիրք հաղթահարվում է այն առաքինությամբ, որ ուղղված է այդ կրքի դեմ, իսկ մարդահաճության դեմ հարկ է ուղղել աստվածահաճության առաքինությունը: Մարդահաճության բոլոր տեսակների դեմ մեծագույն դեղամիջոցը Աստծո հանդեպ երկյուղն է, որ հոգևոր մեծ ուժով է օժտում մարդուն և որը ձեռք է բերվում մեծ ուշադրությամբ և ամենօրյա ջանքերով: &nbsp;</p>

<p>Հիշենք ավետարանական պատմությունը Զակքեոս մաքսապետի մասին պատմող, ով բոլոր ժամանակների համար աստվածահաճո կերպարի լավագույն օրինակը հանդիսացավ: Նա, հասարակական կարծիքի մասին չմտահոգվելով, իր կարճահասակության պատճառով ժանտաթզենին բարձրացավ, որպեսզի տեսնի Հիսուս Քրիստոսին, որ անցնում էր այդ վայրով (Ղուկաս 19:1-9):</p>

<p>Չմոռանանք երբեմն-երբեմն մեզ այս հարցադրումն ուղղել՝ Աստծո, թե՞ մարդկանց մոտ ենք բարեհաճություն փնտրում՝ չմոռանալով նաև, որ &laquo;առանց հավատի անհնար է Աստծո բարեհաճությունը շահել&raquo; (Եբրայեցիներ 11:6):</p>

<p>&nbsp;</p>

<p>Կարինե Սուգիկյան</p>
',
    'created_date' => '2017-09-27',
    'type' => '0',
    'path' => '',
    'visible' => '1',
    'home_page' => '1',
    'image' => '',
    'stick' => '0',
    'read_all' => '0',
    'read' => '1',
  ),
  'yt0' => '',
)

$_FILES=array (
  'Post' => 
  array (
    'name' => 
    array (
      'image' => 'altaemaze.jpg',
    ),
    'type' => 
    array (
      'image' => 'image/jpeg',
    ),
    'tmp_name' => 
    array (
      'image' => '/tmp/phpIRY62a',
    ),
    'error' => 
    array (
      'image' => 0,
    ),
    'size' => 
    array (
      'image' => 578141,
    ),
  ),
)

$_COOKIE=array (
  '_ga' => 'GA1.2.1838133913.1504076940',
  '_gid' => 'GA1.2.152005119.1506056789',
  'PHPSESSID' => '682m0859btsa13di1d7shpujn4',
)

$_SESSION=array (
  '73821138024431ed23633d77993d5bb9__returnUrl' => '/post/admin',
  '73821138024431ed23633d77993d5bb9__id' => '1',
  '73821138024431ed23633d77993d5bb9__name' => 'admin',
  '73821138024431ed23633d77993d5bb9vkey' => '040989f76d372998d955711ff106fa94',
  '73821138024431ed23633d77993d5bb9__states' => 
  array (
    'vkey' => true,
  ),
)

$_SERVER=array (
  'CONTENT_LENGTH' => '589728',
  'CONTENT_TYPE' => 'multipart/form-data; boundary=----WebKitFormBoundaryLZj6ryWzzm2iBpeS',
  'DOCUMENT_ROOT' => '/home2/surbzora/public_html/zoravor/backend/www',
  'GATEWAY_INTERFACE' => 'CGI/1.1',
  'HTTP_ACCEPT' => 'text/html,application/xhtml+xml,application/xml;q=0.9,image/webp,image/apng,*/*;q=0.8',
  'HTTP_ACCEPT_ENCODING' => 'gzip, deflate',
  'HTTP_ACCEPT_LANGUAGE' => 'ru-RU,ru;q=0.8,en-US;q=0.6,en;q=0.4,hy;q=0.2',
  'HTTP_CACHE_CONTROL' => 'max-age=0',
  'HTTP_CONNECTION' => 'close',
  'HTTP_COOKIE' => '_ga=GA1.2.1838133913.1504076940; _gid=GA1.2.152005119.1506056789; PHPSESSID=682m0859btsa13di1d7shpujn4',
  'HTTP_HOST' => 'adm.surbzoravor.am',
  'HTTP_ORIGIN' => 'http://adm.surbzoravor.am',
  'HTTP_REFERER' => 'http://adm.surbzoravor.am/post/create',
  'HTTP_UPGRADE_INSECURE_REQUESTS' => '1',
  'HTTP_USER_AGENT' => 'Mozilla/5.0 (Windows NT 6.1; Win64; x64) AppleWebKit/537.36 (KHTML, like Gecko) Chrome/61.0.3163.100 Safari/537.36',
  'HTTP_X_HTTP_PROTO' => 'HTTP/1.1',
  'HTTP_X_REAL_IP' => '46.71.33.33',
  'MAGICK_THREAD_LIMIT' => '1',
  'PATH' => '/bin:/usr/bin',
  'QUERY_STRING' => '',
  'REDIRECT_MAGICK_THREAD_LIMIT' => '1',
  'REDIRECT_STATUS' => '200',
  'REDIRECT_UNIQUE_ID' => 'WctJQ63@HCcACT1zZYMAAACX',
  'REDIRECT_URL' => '/post/create',
  'REMOTE_ADDR' => '46.71.33.33',
  'REMOTE_PORT' => '58811',
  'REQUEST_METHOD' => 'POST',
  'REQUEST_URI' => '/post/create',
  'SCRIPT_FILENAME' => '/home2/surbzora/public_html/zoravor/backend/www/index.php',
  'SCRIPT_NAME' => '/index.php',
  'SERVER_ADDR' => '173.254.28.39',
  'SERVER_ADMIN' => 'webmaster@adm.surbzoravor.am',
  'SERVER_NAME' => 'adm.surbzoravor.am',
  'SERVER_PORT' => '80',
  'SERVER_PROTOCOL' => 'HTTP/1.1',
  'SERVER_SIGNATURE' => '<address>Apache Server at adm.surbzoravor.am Port 80</address>
',
  'SERVER_SOFTWARE' => 'Apache',
  'UNIQUE_ID' => 'WctJQ63@HCcACT1zZYMAAACX',
  'PHPRC' => '/home2/surbzora/public_html/:/usr/php/56/etc/',
  'ORIG_PATH_INFO' => '/post/create',
  'ORIG_PATH_TRANSLATED' => '/home2/surbzora/public_html/zoravor/backend/www/index.php',
  'PHP_SELF' => '/index.php',
  'REQUEST_TIME_FLOAT' => 1506494787.950387,
  'REQUEST_TIME' => 1506494787,
)
2017/09/27 06:46:28 [warning] [application] Failed to set unsafe attribute "image" of "Post".
in /home2/surbzora/public_html/zoravor/backend/controllers/PostController.php (67)
in /home2/surbzora/public_html/zoravor/backend/www/index.php (27)
2017/09/27 08:46:41 [info] [application] User: admin (ID: 1)

$_POST=array (
  'Post' => 
  array (
    'menu_id' => '',
    'name' => 'Առողջ դատողությունը հոգևոր կյանքի մեջ է',
    'meta-key' => '',
    'text' => '<p><strong>- Հա՛յր, առողջ դատողությունն ի՞նչ տեղ է գրավում հոգևոր կյանքում:</strong></p>

<p>- Ո՞ր առողջ դատողությունը: Աշխարհի՞կը: Նման առողջ դատողությունը ոչ մի տեղ էլ չի գրավում հոգևոր կյանքում*: Հոգևոր կյանքում հրեշտակներն ու սրբերը պատուհանից քեզ մոտ են գալիս, դու նրանց տեսնում ես, խոսում նրանց հետ, հետո նրանք հեռանում են: Եվ եթե ցանկանաս նման իրադարձությունները առողջ դատողության միջոցով հետազոտել, ապա ոչինչ չի ստացվի: Ցավոք, բազմապատկված գիտելիքների մեր դարաշրջանում միայն առողջ դատողությանը վստահելը հավատքն իր հիմքից տեղաշարժել է, և մարդկանց հոգիները կասկածներով և հարցականներով լցրել: Եվ այդ պատճառով էլ մենք մեզ զրկել ենք նաև հրաշքներից, քանի որ հրաշքը փորձով է վերապրվում, այլ ոչ թե առողջ դատողության միջոցով բացատրվում: Ընդհակառակը, Աստծո հանդեպ ունեցած հավատը աստվածային ուժը դեպի երկիր է գրավում և գլխիվայր շրջում մարդկային բոլոր մտահանգումները: Հավատը հրաշքներ է գործում, մեռելներին հարություն տալիս և գիտությանը թողնում զարմանքից բաց բերանով: Եթե կողքից նայենք, ապա հոգևոր կյանքի բոլոր երևույթները առողջ դատողությունից զուրկ են թվում: Եթե մարդն իր աշխարհիկ իմաստակությունը վայր չդնի, հոգևոր մարդ չդառնա, ապա անհնար կլինի հասկանալ տարօրինակ, անտրամաբանական թվացող աստվածային խորհուրդները: Յուրաքանչյուր ոք, ով կարծում է, թե կարող է աստվածային խորհուրդները ճանաչել արտաքին գիտական տեսությունների օգնությամբ, նման է այն անմիտին, ով ուզում է դրախտը աստղադիտակով տեսնել:</p>

<p>Առողջ դատողությունը շատ է վնասում, եթե որևէ մեկն ուզում է դրա միջոցով հետազոտել այն, ինչ աստվածային շրջանակին է վերաբերում՝ Խորհուրդներ, հրաշքներ: Կաթոլիկներն իրենց &laquo;առողջ դատողությամբ&raquo; այնտեղ են հասել, որ Սուրբ Հաղորդությունը լաբորատորիայում քիմիական անալիզի են ենթարկել, որպեսզի տեսնեն արդյո՞ք դա Քրիստոսի Մարմինն ու Արյունն է, իսկ սրբերը [միայն] հավատի միջոցով Մարմինն ու Արյունը հաճախ են տեսել Պատարագի ժամանակ: Շուտով սրբերին էլ ռենտգեն հետազոտության կուղարկեն, որպեսզի համոզվեն նրանց սրբության մեջ: Կաթոլիկները իրենցից մի կողմ են նետել Սուրբ Հոգին՝ Նրան սեփական առողջ դատողությամբ փոխարինելով, և նույնիսկ սպիտակ մոգության են հասել: Դեպի բարին հակված մի կաթոլիկի (խեղճը լալիս էր) ասացի. &laquo;Մեր միջև եղած տարբերությունների մեջ ահա, թե ինչն է կարևոր տեղ գրավում՝ դուք հիմնված եք գիտակցության վրա, իսկ մենք՝ հավատքի: Դուք ռացիոնալիզմն ու &laquo;մարդկային գործոնն&raquo; եք զարգացրել: Ձեր &laquo;առողջ դատողությամբ&raquo; սահմանափակում եք աստվածային ուժը, որովհետև Աստծո շնորհը հետին պլան եք մղում: Սուրբ ջրի մեջ քիմիական կոնսերվանտներ եք ավելացնում, որ չփչանա: Մենք նեխած ջրի մեջ սուրբ ջուր ենք ավելացնում և այն խմելու համար պիտանի է դառնում: Մենք հավատում ենք սրբագործող շնորհին, և սուրբ ջուրը և՛ երկու հարյուր և՛ հինգ հարյուր տարի է պահպանվում, այն երբեք չի փչանում&raquo;:</p>

<p><strong>- Հա՛յր, այսինքն մարդը տրամաբանությունը, առողջ դատողությունը գերադասո՞ւմ է Աստծուց:</strong></p>

<p>- Միգուցե ավելի լավ է ասել հպարտությո՞ւնը, այլ ոչ թե տրամաբանությունը: Քանի որ իրականում &laquo;առողջ դատողությունը&raquo;, որի մասին այժմ խոսում ենք, իրականում անառողջ, նեխած &laquo;դատողություն&raquo; է: Հպարտությունը նեխած տրամաբանությունն է, դա մի &laquo;առողջ դատողություն&raquo; է, որի մեջ եսասիրություն է թաքնվում և թշնամին՝ դևը, իր բույնն է այնտեղ հյուսել: Երբ մեր գործողություններին նման &laquo;առողջ դատողությունն&raquo; է խառնվում, դրանով մենք սատանային իրավունք ենք տալիս [մեզ վրա]:</p>

<p><strong>- Հա՛յր, իսկ եթե հոգևոր մարդը պետք է որևէ գայթակղություն հաղթահարի, ապա առողջ դատողությունը կրկին տեղ չունի՞:</strong></p>

<p>- Այդ դեպքում պետք է անել այն, ինչ հնարավոր է մարդկայնորեն, իսկ այն, ինչ հնարավոր չէ մարդկային առումով անել՝ թողնել Աստծուն: Մարդիկ կան, որ ձգտում են ամեն ինչ գիտակցության օգնությամբ &laquo;շոշափել&raquo;, նրանց պես, ովքեր ուզում են մտքի աղոթքը գլխով անել: Կենտրոնանալու համար լարում են գլուխը և հետո այն սկսում է ցավել: Եթե ես նման կերպ մոտենայի այն խնդիրներին, որոնց հետ ստիպված եմ ամեն օր բախվել, ապա մի՞թե կկարողանայի հաղթահարել դրանք: Բայց ես անում եմ այն, ինչ մարդը կարող է անել, իսկ մնացյալում հույսս Աստծո վրա եմ դնում: &laquo;Աստված ելքը ցույց կտա,- ասում եմ ես,- և կլուսավորի, թե ինչ է անհրաժեշտ անել&raquo;: Շատերը լաց ու կոծ են սկսում. &laquo;Ինչպե՞ս այս գործը գլուխ բերեմ, մյուսի հետ ինչպե՞ս վարվեմ, երրորդն ի՞նչ անեմ&raquo;, և չնչին բանից նրանց գլուխը ցավում է: Մարդն ինքն իրեն շփոթության մեջ է գցում՝ փորձելով միայն բանականության օգնությամբ որևէ բան կարգավորել: Մեր յուրաքանչյուր գործողությունից առաջ պետք է թողնենք, որ Աստված գործի: Պետք չէ ոչինչ անել առանց Աստծուն վստահելու, որովհետև այդ դեպքում մարդն անհանգստանում է, հոգնեցնում իր միտքը և իրեն հոգեպես վատ զգում:</p>

<p><strong>- Հա՛յր, առաջ ասում էիք, որ գերլարվածության չեք հասնում: Ինչպե՞ս է դա Ձեզ հաջողվում:</strong></p>

<p>- Այո՛, ես չեմ գերլարվում, որովհետև բանականության օգնությամբ չեմ մոտենում այն ամենին, ինչի հետ առնչվում եմ: Եթե գլուխս ցավում է, ապա կամ մրսածությունից է, կամ արյան ցածր ճնշումից: Իսկ որքա՜ն խնդիրների հետ եմ ստիպված լինում բախվել: Ամեն օր ինձ մոտ մարդիկ են գալիս իրենց հարցերով, ցավերով, և հետո ես մտովի կրկին վերադառնում եմ նրանց մոտ, ովքեր իրենց տարբեր խնդիրներով ինձ մոտ էին եկել, հիվանդների մոտ, նրանց մոտ, ովքեր ինչ-որ բանի կարիք ունեն: Եվ եթե ինձ մոտ եկած հիվանդն առողջանում է, ապա, չգիտես ինչու, ինձ չի հայտնում այդ մասին, որպեսզի մի փոքր ուրախանամ: Եվ ես շարունակում եմ նրան մտքումս պահել:</p>

<p><strong>- Հա՛յր, իսկ վանականն ինչպե՞ս կարող է իր միտքը կարգավորել, որպեսզի ուժասպառ չլինի դատողականությունից:</strong></p>

<p>- Միտքը պետք է կարգավորել հոգևոր առողջ դատողության միջոցով, այլ ոչ թե աշխարհիկ դատողականության: Կարգավորման բռնակը պետք է հոգևոր հաճախականության վրա պտտել: Վանականը պետք է հոգևոր մտածողություն ունենա և տրամադրվի դեպի հոգևորը: Նույնիսկ աշխարհականի մոտ աշխարհիկ առողջ դատողությունը ոչ մի տեղ չունի, եթե նա հոգևոր մարդ է: Աշխարհիկ առողջ դատողությունը լավ է, բայց անհավատ մարդուն է հարմար:</p>

<p><strong>- Հա՛յր, իսկ ի՞նչ նկատի ունեք &laquo;տրամադրվի դեպի հոգևորը&raquo; ասելով:</strong></p>

<p>- &laquo;Տրամադրվի դեպի հոգևորը&raquo; նշանակում է ուրախանալ ոչ թե նրա համար, ինչի համար աշխարհիկ մարդիկ են ուրախանում, այլ՝ հակառակի: Օրինակ՝ ուրախանալ, որ քեզ գրոշի տեղ էլ չեն դնում: Մենք հոգևոր տարածությամբ կընթանանք, եթե միայն մեր ձգտումները հակառակ լինեն աշխարհիկներին: Փո՞ղ ես ուզում: Դրամապանակդ էլ տուր: Հովվապետի գահաթոռի՞ն ես ուզում նստել: Մեղադրյալի աթոռին քեզ նստեցրու:</p>

<p><strong>- Հա՛յր, իսկ մենք քանի՞ տոկոս առողջ դատողություն ունենք:</strong></p>

<p>- Որոշ &laquo;պտուտակներ&raquo; պիտի թուլացնեք: Աղոթքով մաղթում եմ, որպեսզի սիրո այն խենթությանը հասնեք, որն աստվածային խենթություն է: Այլապես, նրանք, ում Լեմբետի** են բերում, ավելի լավ վիճակում են գտնվում, քան ռացիոնալիզմ, այսինքն հպարտ առողջ դատողություն ունեցող քրիստոնյաները:</p>

<p>&nbsp;</p>

<p>* &laquo;Առողջ դատողության&raquo; մասին խոսելով և հանդիմանելով այն, Հայր Պաիսիոսը ոչ թե այն բարեբեր պարգևը նկատի ունի, որով Աստված պատվել է մարդուն, այլ ռացիոնալիզմը կամ ինչպես ինքը ծերն է ասում &laquo;անառողջ դատողությունը&raquo;, այսինքն դատողությունը, որը զուրկ է Աստծո հանդեպ հավատից, չի ընդունում աստվածային նախախնամությունը և բացառում է հրաշքի հնարավորությունը:</p>

<p>** Հոգեբուժարան Սալոնիկում:</p>

<p>&nbsp;</p>

<p>&nbsp;</p>

<p>Հայր Պաիսիոս Աթոսացու &laquo;Ցավով և սիրով՝ ժամանակակից մարդու մասին&raquo; գրքից</p>

<p>Ռուսերենից թարգմանությունը՝ Էմիլիա Ապիցարյանի</p>

<p>&nbsp;</p>
',
    'created_date' => '2017-09-28',
    'type' => '0',
    'path' => '',
    'visible' => '1',
    'home_page' => '1',
    'image' => '',
    'stick' => '0',
    'read_all' => '0',
    'read' => '1',
  ),
  'yt0' => '',
)

$_FILES=array (
  'Post' => 
  array (
    'name' => 
    array (
      'image' => 'psychologie-trading-expression-des-libertes-perdues.jpg',
    ),
    'type' => 
    array (
      'image' => 'image/jpeg',
    ),
    'tmp_name' => 
    array (
      'image' => '/tmp/phpf26rAm',
    ),
    'error' => 
    array (
      'image' => 0,
    ),
    'size' => 
    array (
      'image' => 869155,
    ),
  ),
)

$_COOKIE=array (
  'PHPSESSID' => '682m0859btsa13di1d7shpujn4',
  '_ga' => 'GA1.2.1838133913.1504076940',
  '_gid' => 'GA1.2.152005119.1506056789',
)

$_SESSION=array (
  '73821138024431ed23633d77993d5bb9__returnUrl' => '/post/admin',
  '73821138024431ed23633d77993d5bb9__id' => '1',
  '73821138024431ed23633d77993d5bb9__name' => 'admin',
  '73821138024431ed23633d77993d5bb9vkey' => '040989f76d372998d955711ff106fa94',
  '73821138024431ed23633d77993d5bb9__states' => 
  array (
    'vkey' => true,
  ),
)

$_SERVER=array (
  'CONTENT_LENGTH' => '884101',
  'CONTENT_TYPE' => 'multipart/form-data; boundary=----WebKitFormBoundaryvZ2tgDydah6hb6s2',
  'DOCUMENT_ROOT' => '/home2/surbzora/public_html/zoravor/backend/www',
  'GATEWAY_INTERFACE' => 'CGI/1.1',
  'HTTP_ACCEPT' => 'text/html,application/xhtml+xml,application/xml;q=0.9,image/webp,image/apng,*/*;q=0.8',
  'HTTP_ACCEPT_ENCODING' => 'gzip, deflate',
  'HTTP_ACCEPT_LANGUAGE' => 'ru-RU,ru;q=0.8,en-US;q=0.6,en;q=0.4,hy;q=0.2',
  'HTTP_CACHE_CONTROL' => 'max-age=0',
  'HTTP_CONNECTION' => 'close',
  'HTTP_COOKIE' => 'PHPSESSID=682m0859btsa13di1d7shpujn4; _ga=GA1.2.1838133913.1504076940; _gid=GA1.2.152005119.1506056789',
  'HTTP_HOST' => 'adm.surbzoravor.am',
  'HTTP_ORIGIN' => 'http://adm.surbzoravor.am',
  'HTTP_REFERER' => 'http://adm.surbzoravor.am/post/create',
  'HTTP_UPGRADE_INSECURE_REQUESTS' => '1',
  'HTTP_USER_AGENT' => 'Mozilla/5.0 (Windows NT 6.1; Win64; x64) AppleWebKit/537.36 (KHTML, like Gecko) Chrome/61.0.3163.100 Safari/537.36',
  'HTTP_X_HTTP_PROTO' => 'HTTP/1.1',
  'HTTP_X_REAL_IP' => '46.71.33.33',
  'MAGICK_THREAD_LIMIT' => '1',
  'PATH' => '/bin:/usr/bin',
  'QUERY_STRING' => '',
  'REDIRECT_MAGICK_THREAD_LIMIT' => '1',
  'REDIRECT_STATUS' => '200',
  'REDIRECT_UNIQUE_ID' => 'Wctlca3@HCcADdP5bXAAAABa',
  'REDIRECT_URL' => '/post/create',
  'REMOTE_ADDR' => '46.71.33.33',
  'REMOTE_PORT' => '38469',
  'REQUEST_METHOD' => 'POST',
  'REQUEST_URI' => '/post/create',
  'SCRIPT_FILENAME' => '/home2/surbzora/public_html/zoravor/backend/www/index.php',
  'SCRIPT_NAME' => '/index.php',
  'SERVER_ADDR' => '173.254.28.39',
  'SERVER_ADMIN' => 'webmaster@adm.surbzoravor.am',
  'SERVER_NAME' => 'adm.surbzoravor.am',
  'SERVER_PORT' => '80',
  'SERVER_PROTOCOL' => 'HTTP/1.1',
  'SERVER_SIGNATURE' => '<address>Apache Server at adm.surbzoravor.am Port 80</address>
',
  'SERVER_SOFTWARE' => 'Apache',
  'UNIQUE_ID' => 'Wctlca3@HCcADdP5bXAAAABa',
  'PHPRC' => '/home2/surbzora/public_html/:/usr/php/56/etc/',
  'ORIG_PATH_INFO' => '/post/create',
  'ORIG_PATH_TRANSLATED' => '/home2/surbzora/public_html/zoravor/backend/www/index.php',
  'PHP_SELF' => '/index.php',
  'REQUEST_TIME_FLOAT' => 1506502001.7301829,
  'REQUEST_TIME' => 1506502001,
)
2017/09/27 08:46:41 [warning] [application] Failed to set unsafe attribute "image" of "Post".
in /home2/surbzora/public_html/zoravor/backend/controllers/PostController.php (67)
in /home2/surbzora/public_html/zoravor/backend/www/index.php (27)
2017/09/27 08:58:29 [info] [application] User: admin (ID: 1)

$_POST=array (
  'Post' => 
  array (
    'menu_id' => '19',
    'name' => 'Ի՞նչ տարբերություն',
    'meta-key' => '',
    'text' => '<p>- <span style="color:#4B0082"><span style="font-size:18px"><strong>Ի</strong></span></span>՞նչ տարբերություն &laquo;ինձ դուր է գալիս&raquo; և &laquo;սիրում եմ&raquo; արտահայտությունների միջև:</p>

<p>- Երբ ձեզ որևէ ծաղիկ է դուր գալիս, դուք այն պոկում եք: Բայց եթե սիրում եք այդ ծաղիկը, ապա ամեն օր ջրում եք այն ու խնամում:</p>

<p>&nbsp;</p>

<p>Ռուսերենից թարգմանությունը՝ Էմիլիա Ապիցարյանի</p>
',
    'created_date' => '2017-09-28',
    'type' => '0',
    'path' => '',
    'visible' => '1',
    'home_page' => '0',
    'image' => '',
    'stick' => '0',
    'read_all' => '0',
    'read' => '1',
  ),
  'yt0' => '',
)

$_FILES=array (
  'Post' => 
  array (
    'name' => 
    array (
      'image' => '12992361_10154076943202365_1147553820_n.jpg',
    ),
    'type' => 
    array (
      'image' => 'image/jpeg',
    ),
    'tmp_name' => 
    array (
      'image' => '/tmp/phpr8pyj7',
    ),
    'error' => 
    array (
      'image' => 0,
    ),
    'size' => 
    array (
      'image' => 366539,
    ),
  ),
)

$_COOKIE=array (
  'PHPSESSID' => '682m0859btsa13di1d7shpujn4',
  '_ga' => 'GA1.2.1838133913.1504076940',
  '_gid' => 'GA1.2.152005119.1506056789',
)

$_SESSION=array (
  '73821138024431ed23633d77993d5bb9__returnUrl' => '/post/admin',
  '73821138024431ed23633d77993d5bb9__id' => '1',
  '73821138024431ed23633d77993d5bb9__name' => 'admin',
  '73821138024431ed23633d77993d5bb9vkey' => '040989f76d372998d955711ff106fa94',
  '73821138024431ed23633d77993d5bb9__states' => 
  array (
    'vkey' => true,
  ),
)

$_SERVER=array (
  'CONTENT_LENGTH' => '369133',
  'CONTENT_TYPE' => 'multipart/form-data; boundary=----WebKitFormBoundarywraAEqkW6l7fIGf8',
  'DOCUMENT_ROOT' => '/home2/surbzora/public_html/zoravor/backend/www',
  'GATEWAY_INTERFACE' => 'CGI/1.1',
  'HTTP_ACCEPT' => 'text/html,application/xhtml+xml,application/xml;q=0.9,image/webp,image/apng,*/*;q=0.8',
  'HTTP_ACCEPT_ENCODING' => 'gzip, deflate',
  'HTTP_ACCEPT_LANGUAGE' => 'ru-RU,ru;q=0.8,en-US;q=0.6,en;q=0.4,hy;q=0.2',
  'HTTP_CACHE_CONTROL' => 'max-age=0',
  'HTTP_CONNECTION' => 'close',
  'HTTP_COOKIE' => 'PHPSESSID=682m0859btsa13di1d7shpujn4; _ga=GA1.2.1838133913.1504076940; _gid=GA1.2.152005119.1506056789',
  'HTTP_HOST' => 'adm.surbzoravor.am',
  'HTTP_ORIGIN' => 'http://adm.surbzoravor.am',
  'HTTP_REFERER' => 'http://adm.surbzoravor.am/post/create',
  'HTTP_UPGRADE_INSECURE_REQUESTS' => '1',
  'HTTP_USER_AGENT' => 'Mozilla/5.0 (Windows NT 6.1; Win64; x64) AppleWebKit/537.36 (KHTML, like Gecko) Chrome/61.0.3163.100 Safari/537.36',
  'HTTP_X_HTTP_PROTO' => 'HTTP/1.1',
  'HTTP_X_REAL_IP' => '46.71.33.33',
  'MAGICK_THREAD_LIMIT' => '1',
  'PATH' => '/bin:/usr/bin',
  'QUERY_STRING' => '',
  'REDIRECT_MAGICK_THREAD_LIMIT' => '1',
  'REDIRECT_STATUS' => '200',
  'REDIRECT_UNIQUE_ID' => 'WctoNa3@HCcADmDDoscAAACB',
  'REDIRECT_URL' => '/post/create',
  'REMOTE_ADDR' => '46.71.33.33',
  'REMOTE_PORT' => '14939',
  'REQUEST_METHOD' => 'POST',
  'REQUEST_URI' => '/post/create',
  'SCRIPT_FILENAME' => '/home2/surbzora/public_html/zoravor/backend/www/index.php',
  'SCRIPT_NAME' => '/index.php',
  'SERVER_ADDR' => '173.254.28.39',
  'SERVER_ADMIN' => 'webmaster@adm.surbzoravor.am',
  'SERVER_NAME' => 'adm.surbzoravor.am',
  'SERVER_PORT' => '80',
  'SERVER_PROTOCOL' => 'HTTP/1.1',
  'SERVER_SIGNATURE' => '<address>Apache Server at adm.surbzoravor.am Port 80</address>
',
  'SERVER_SOFTWARE' => 'Apache',
  'UNIQUE_ID' => 'WctoNa3@HCcADmDDoscAAACB',
  'PHPRC' => '/home2/surbzora/public_html/:/usr/php/56/etc/',
  'ORIG_PATH_INFO' => '/post/create',
  'ORIG_PATH_TRANSLATED' => '/home2/surbzora/public_html/zoravor/backend/www/index.php',
  'PHP_SELF' => '/index.php',
  'REQUEST_TIME_FLOAT' => 1506502709.1780429,
  'REQUEST_TIME' => 1506502709,
)
2017/09/27 08:58:29 [warning] [application] Failed to set unsafe attribute "image" of "Post".
in /home2/surbzora/public_html/zoravor/backend/controllers/PostController.php (67)
in /home2/surbzora/public_html/zoravor/backend/www/index.php (27)
2017/09/27 09:01:04 [info] [application] User: admin (ID: 1)

$_POST=array (
  'Post' => 
  array (
    'menu_id' => '19',
    'name' => 'Կրկին անհիշաչարության մասին',
    'meta-key' => '',
    'text' => '<p><span style="color:#4B0082"><span style="font-size:18px"><strong>Գ</strong></span></span>ողերը մտան հայր Մովսեսի խուցը, և նա աղաղակ բարձրացրեց. ելան եղբայրները, բռնեցին գողերին և ուղարկեցին Ալեքսանդրիա` իշխանի մոտ, և իշխանը նրանց բանտ գցեց: Եվ հայր Պիմենը թուղթ ուղարկեց հայր Մովսեսին` գրելով. &laquo;Հա՛յր Մովսես, հիշի՛ր առաջին մատնիչին&raquo;: Հայր Մովսեսը գնաց, աղաչեց իշխանին և ազատել տվեց գողերին:</p>

<p>&nbsp;</p>

<p>&laquo;Սուրբ հայրերի վարքն ու կենցաղավարությունը&raquo; գրքից, Հատոր Ա, Էջմիածին 2016</p>
',
    'created_date' => '2017-09-29',
    'type' => '0',
    'path' => '',
    'visible' => '1',
    'home_page' => '0',
    'image' => '',
    'stick' => '0',
    'read_all' => '0',
    'read' => '1',
  ),
  'yt0' => '',
)

$_FILES=array (
  'Post' => 
  array (
    'name' => 
    array (
      'image' => '13238913_432777566922211_8598108914320101848_n.jpg',
    ),
    'type' => 
    array (
      'image' => 'image/jpeg',
    ),
    'tmp_name' => 
    array (
      'image' => '/tmp/phpubLB7L',
    ),
    'error' => 
    array (
      'image' => 0,
    ),
    'size' => 
    array (
      'image' => 320364,
    ),
  ),
)

$_COOKIE=array (
  'PHPSESSID' => '682m0859btsa13di1d7shpujn4',
  '_ga' => 'GA1.2.1838133913.1504076940',
  '_gid' => 'GA1.2.152005119.1506056789',
)

$_SESSION=array (
  '73821138024431ed23633d77993d5bb9__returnUrl' => '/post/admin',
  '73821138024431ed23633d77993d5bb9__id' => '1',
  '73821138024431ed23633d77993d5bb9__name' => 'admin',
  '73821138024431ed23633d77993d5bb9vkey' => '040989f76d372998d955711ff106fa94',
  '73821138024431ed23633d77993d5bb9__states' => 
  array (
    'vkey' => true,
  ),
)

$_SERVER=array (
  'CONTENT_LENGTH' => '323221',
  'CONTENT_TYPE' => 'multipart/form-data; boundary=----WebKitFormBoundary6TNGR6tUPVPTVdwd',
  'DOCUMENT_ROOT' => '/home2/surbzora/public_html/zoravor/backend/www',
  'GATEWAY_INTERFACE' => 'CGI/1.1',
  'HTTP_ACCEPT' => 'text/html,application/xhtml+xml,application/xml;q=0.9,image/webp,image/apng,*/*;q=0.8',
  'HTTP_ACCEPT_ENCODING' => 'gzip, deflate',
  'HTTP_ACCEPT_LANGUAGE' => 'ru-RU,ru;q=0.8,en-US;q=0.6,en;q=0.4,hy;q=0.2',
  'HTTP_CACHE_CONTROL' => 'max-age=0',
  'HTTP_CONNECTION' => 'close',
  'HTTP_COOKIE' => 'PHPSESSID=682m0859btsa13di1d7shpujn4; _ga=GA1.2.1838133913.1504076940; _gid=GA1.2.152005119.1506056789',
  'HTTP_HOST' => 'adm.surbzoravor.am',
  'HTTP_ORIGIN' => 'http://adm.surbzoravor.am',
  'HTTP_REFERER' => 'http://adm.surbzoravor.am/post/create',
  'HTTP_UPGRADE_INSECURE_REQUESTS' => '1',
  'HTTP_USER_AGENT' => 'Mozilla/5.0 (Windows NT 6.1; Win64; x64) AppleWebKit/537.36 (KHTML, like Gecko) Chrome/61.0.3163.100 Safari/537.36',
  'HTTP_X_HTTP_PROTO' => 'HTTP/1.1',
  'HTTP_X_REAL_IP' => '46.71.33.33',
  'MAGICK_THREAD_LIMIT' => '1',
  'PATH' => '/bin:/usr/bin',
  'QUERY_STRING' => '',
  'REDIRECT_MAGICK_THREAD_LIMIT' => '1',
  'REDIRECT_STATUS' => '200',
  'REDIRECT_UNIQUE_ID' => 'Wcto0K3@HCcADngCVwEAAAAG',
  'REDIRECT_URL' => '/post/create',
  'REMOTE_ADDR' => '46.71.33.33',
  'REMOTE_PORT' => '19753',
  'REQUEST_METHOD' => 'POST',
  'REQUEST_URI' => '/post/create',
  'SCRIPT_FILENAME' => '/home2/surbzora/public_html/zoravor/backend/www/index.php',
  'SCRIPT_NAME' => '/index.php',
  'SERVER_ADDR' => '173.254.28.39',
  'SERVER_ADMIN' => 'webmaster@adm.surbzoravor.am',
  'SERVER_NAME' => 'adm.surbzoravor.am',
  'SERVER_PORT' => '80',
  'SERVER_PROTOCOL' => 'HTTP/1.1',
  'SERVER_SIGNATURE' => '<address>Apache Server at adm.surbzoravor.am Port 80</address>
',
  'SERVER_SOFTWARE' => 'Apache',
  'UNIQUE_ID' => 'Wcto0K3@HCcADngCVwEAAAAG',
  'PHPRC' => '/home2/surbzora/public_html/:/usr/php/56/etc/',
  'ORIG_PATH_INFO' => '/post/create',
  'ORIG_PATH_TRANSLATED' => '/home2/surbzora/public_html/zoravor/backend/www/index.php',
  'PHP_SELF' => '/index.php',
  'REQUEST_TIME_FLOAT' => 1506502864.746444,
  'REQUEST_TIME' => 1506502864,
)
2017/09/27 09:01:04 [warning] [application] Failed to set unsafe attribute "image" of "Post".
in /home2/surbzora/public_html/zoravor/backend/controllers/PostController.php (67)
in /home2/surbzora/public_html/zoravor/backend/www/index.php (27)
